{"logTime": "0326/121420", "correlationVector":"tjTYFoqRRyQmzB50mK3yn4.1","action":"SyncServerConnectionManagerRequest", "result":"SYNC_SERVER_OK", "context":{"environment":"Prod_SoutheastAsia_000j", "migrationStage":"NotStarted", "server":"GENERAL03000000"}}
{"logTime": "0326/121420", "correlationVector":"tjTYFoqRRyQmzB50mK3yn4.2","action":"AAD.Mip.Unpack", "result":"Success", "context":MIP_CLOUD_COMMERCIAL:Success}
{"logTime": "0326/121420", "correlationVector":"tjTYFoqRRyQmzB50mK3yn4.3","action":"AAD.GetKeyResponse", "result":"Success", "context":Keys=4.LastKeyStatus=Normal. 2024-01-01 18:33:28 +0530.State=None. Tags: Current_encryption_keys_tag = Dxfvv71X77+9B1Hvv70E77+9dO+/ve+/ve+/vVTvv73vv73vv71R77+9U++/ve+/vRfvv70A77+977+977+977+9Kw==, Updated_current_encryption_keys_tag = Empty}
{"logTime": "0326/121420", "correlationVector":"tjTYFoqRRyQmzB50mK3yn4","action":"Initial GetUpdates", "result":"", "context":Reason: NEW_CLIENT. cV=tjTYFoqRRyQmzB50mK3yn4}
{"logTime": "0326/121420", "correlationVector":"tjTYFoqRRyQmzB50mK3yn4.4","action":"GetUpdates Response", "result":"SYNCER_OK", "context":Received 1 update(s). cV=tjTYFoqRRyQmzB50mK3yn4.0;server=GENERAL03000000;cloudType=Multitenant;environment=Prod_SoutheastAsia_000j;migrationStage=NotStarted}
{"logTime": "0326/121538", "correlationVector":"Qzdn14PrMbqpVvYmW9l6Ih","action":"Initial GetUpdates", "result":"", "context":Reason: NEW_CLIENT. cV=Qzdn14PrMbqpVvYmW9l6Ih}
{"logTime": "0326/121539", "correlationVector":"Qzdn14PrMbqpVvYmW9l6Ih.1","action":"SyncServerConnectionManagerRequest", "result":"SYNC_SERVER_OK", "context":{"environment":"Prod_SoutheastAsia_000j", "migrationStage":"NotStarted", "server":"GENERAL0300000A"}}
{"logTime": "0326/121539", "correlationVector":"Qzdn14PrMbqpVvYmW9l6Ih.2","action":"GetUpdates Response", "result":"SYNCER_OK", "context":Received 50 update(s). cV=Qzdn14PrMbqpVvYmW9l6Ih.0;server=GENERAL0300000A;cloudType=Multitenant;environment=Prod_SoutheastAsia_000j;migrationStage=NotStarted}
{"logTime": "0326/121539", "correlationVector":"4HaVKI5s/CIhSfh1cwKbK/","action":"Normal GetUpdate request", "result":"", "context":cV=4HaVKI5s/CIhSfh1cwKbK/
Nudged types: Device Info, User Consents
Refresh requested types: Device Info, User Consents, Send Tab To Self, Encryption Keys}
{"logTime": "0326/121540", "correlationVector":"4HaVKI5s/CIhSfh1cwKbK/.1","action":"SyncServerConnectionManagerRequest", "result":"SYNC_SERVER_OK", "context":{"environment":"Prod_SoutheastAsia_000j", "migrationStage":"NotStarted", "server":"GENERAL0300001Z"}}
{"logTime": "0326/121540", "correlationVector":"4HaVKI5s/CIhSfh1cwKbK/.2","action":"GetUpdates Response", "result":"SYNCER_OK", "context":Received 0 update(s). cV=4HaVKI5s/CIhSfh1cwKbK/.0;server=GENERAL0300001Z;cloudType=Multitenant;environment=Prod_SoutheastAsia_000j;migrationStage=NotStarted}
{"logTime": "0326/121540", "correlationVector":"oSd3GqD4R48rgEzGQL0X6t","action":"Commit Request", "result":"", "context":Item count: 2
Contributing types: Device Info, User Consents}
{"logTime": "0326/121540", "correlationVector":"oSd3GqD4R48rgEzGQL0X6t.1","action":"SyncServerConnectionManagerRequest", "result":"SYNC_SERVER_OK", "context":{"environment":"Prod_SoutheastAsia_000j", "migrationStage":"NotStarted", "server":"GENERAL0300000Z"}}
{"logTime": "0326/121540", "correlationVector":"oSd3GqD4R48rgEzGQL0X6t.2","action":"Commit Response", "result":"SYNCER_OK", "context":Result: SYNCER_OK. cV=oSd3GqD4R48rgEzGQL0X6t.0;server=GENERAL0300000Z;cloudType=Multitenant;environment=Prod_SoutheastAsia_000j;migrationStage=NotStarted}
{"logTime": "0326/121541", "correlationVector":"W1zuSGVhJhrmhx6qa00Q1I","action":"Normal GetUpdate request", "result":"", "context":cV=W1zuSGVhJhrmhx6qa00Q1I
Nudged types: Device Info}
{"logTime": "0326/121541", "correlationVector":"W1zuSGVhJhrmhx6qa00Q1I.1","action":"SyncServerConnectionManagerRequest", "result":"SYNC_SERVER_OK", "context":{"environment":"Prod_SoutheastAsia_000j", "migrationStage":"NotStarted", "server":"GENERAL0300000I"}}
{"logTime": "0326/121541", "correlationVector":"W1zuSGVhJhrmhx6qa00Q1I.2","action":"GetUpdates Response", "result":"SYNCER_OK", "context":Received 1 update(s). cV=W1zuSGVhJhrmhx6qa00Q1I.0;server=GENERAL0300000I;cloudType=Multitenant;environment=Prod_SoutheastAsia_000j;migrationStage=NotStarted}
{"logTime": "0326/121916", "correlationVector":"xdYiXvMxn0yFxr+LIliciW","action":"Normal GetUpdate request", "result":"", "context":cV=xdYiXvMxn0yFxr+LIliciW
Refresh requested types: Device Info, User Consents, Send Tab To Self, Encryption Keys}
{"logTime": "0326/121916", "correlationVector":"xdYiXvMxn0yFxr+LIliciW.1","action":"SyncServerConnectionManagerRequest", "result":"SYNC_SERVER_OK", "context":{"environment":"Prod_SoutheastAsia_000j", "migrationStage":"NotStarted", "server":"GENERAL0300002G"}}
{"logTime": "0326/121916", "correlationVector":"xdYiXvMxn0yFxr+LIliciW.2","action":"GetUpdates Response", "result":"SYNCER_OK", "context":Received 0 update(s). cV=xdYiXvMxn0yFxr+LIliciW.0;server=GENERAL0300002G;cloudType=Multitenant;environment=Prod_SoutheastAsia_000j;migrationStage=NotStarted}
{"logTime": "0326/122235", "correlationVector":"OuhEdZo0QR+0xdu8hK1sUg","action":"Normal GetUpdate request", "result":"", "context":cV=OuhEdZo0QR+0xdu8hK1sUg
Notified types: Device Info}
{"logTime": "0326/122235", "correlationVector":"OuhEdZo0QR+0xdu8hK1sUg.1","action":"SyncServerConnectionManagerRequest", "result":"SYNC_SERVER_OK", "context":{"environment":"Prod_SoutheastAsia_000j", "migrationStage":"NotStarted", "server":"GENERAL0100000R"}}
{"logTime": "0326/122235", "correlationVector":"OuhEdZo0QR+0xdu8hK1sUg.2","action":"GetUpdates Response", "result":"SYNCER_OK", "context":Received 1 update(s). cV=OuhEdZo0QR+0xdu8hK1sUg.0;server=GENERAL0100000R;cloudType=Multitenant;environment=Prod_SoutheastAsia_000j;migrationStage=NotStarted}
{"logTime": "0327/104412", "correlationVector":"t5OjBfoyHpDAYTutr0bN1k.1","action":"SyncServerConnectionManagerRequest", "result":"SYNC_SERVER_OK", "context":{"environment":"Prod_EastAsia_000d", "migrationStage":"NotStarted", "server":"GENERAL0100001G"}}
{"logTime": "0327/104412", "correlationVector":"t5OjBfoyHpDAYTutr0bN1k.2","action":"AAD.Mip.Unpack", "result":"Success", "context":MIP_CLOUD_COMMERCIAL:Success}
{"logTime": "0327/104412", "correlationVector":"t5OjBfoyHpDAYTutr0bN1k.3","action":"AAD.GetKeyResponse", "result":"Success", "context":Keys=4.LastKeyStatus=Normal. 2024-01-01 18:33:28 +0530.State=None. Tags: Current_encryption_keys_tag = Dxfvv71X77+9B1Hvv70E77+9dO+/ve+/ve+/vVTvv73vv73vv71R77+9U++/ve+/vRfvv70A77+977+977+977+9Kw==, Updated_current_encryption_keys_tag = Empty}
{"logTime": "0327/104412", "correlationVector":"t5OjBfoyHpDAYTutr0bN1k","action":"Initial GetUpdates", "result":"", "context":Reason: NEW_CLIENT. cV=t5OjBfoyHpDAYTutr0bN1k}
{"logTime": "0327/104412", "correlationVector":"t5OjBfoyHpDAYTutr0bN1k.4","action":"GetUpdates Response", "result":"SYNCER_OK", "context":Received 1 update(s). cV=t5OjBfoyHpDAYTutr0bN1k.0;server=GENERAL0100001G;cloudType=Multitenant;environment=Prod_EastAsia_000d;migrationStage=NotStarted}
{"logTime": "0327/104412", "correlationVector":"eXABGyDnL5FSwkmahg6N9E","action":"Normal GetUpdate request", "result":"", "context":cV=eXABGyDnL5FSwkmahg6N9E
Refresh requested types: Device Info, User Consents, Send Tab To Self, Encryption Keys}
{"logTime": "0327/104412", "correlationVector":"eXABGyDnL5FSwkmahg6N9E.1","action":"SyncServerConnectionManagerRequest", "result":"SYNC_SERVER_OK", "context":{"environment":"Prod_EastAsia_000d", "migrationStage":"NotStarted", "server":"GENERAL0100000B"}}
{"logTime": "0327/104412", "correlationVector":"eXABGyDnL5FSwkmahg6N9E.2","action":"GetUpdates Response", "result":"SYNCER_OK", "context":Received 2 update(s). cV=eXABGyDnL5FSwkmahg6N9E.0;server=GENERAL0100000B;cloudType=Multitenant;environment=Prod_EastAsia_000d;migrationStage=NotStarted}
{"logTime": "0327/104412", "correlationVector":"FTF3VPLZdxd7gC/kJy4jNo","action":"Poll GetUpdate request", "result":"", "context":cV=FTF3VPLZdxd7gC/kJy4jNo}
{"logTime": "0327/104412", "correlationVector":"FTF3VPLZdxd7gC/kJy4jNo.1","action":"SyncServerConnectionManagerRequest", "result":"SYNC_SERVER_OK", "context":{"environment":"Prod_EastAsia_000d", "migrationStage":"NotStarted", "server":"GENERAL01000022"}}
{"logTime": "0327/104412", "correlationVector":"FTF3VPLZdxd7gC/kJy4jNo.2","action":"GetUpdates Response", "result":"SYNCER_OK", "context":Received 0 update(s). cV=FTF3VPLZdxd7gC/kJy4jNo.0;server=GENERAL01000022;cloudType=Multitenant;environment=Prod_EastAsia_000d;migrationStage=NotStarted}
{"logTime": "0327/104417", "correlationVector":"kVq8ZdA4unZtmLTgF59SZF","action":"Initial GetUpdates", "result":"", "context":Reason: RECONFIGURATION. cV=kVq8ZdA4unZtmLTgF59SZF}
{"logTime": "0327/104418", "correlationVector":"kVq8ZdA4unZtmLTgF59SZF.1","action":"SyncServerConnectionManagerRequest", "result":"SYNC_SERVER_OK", "context":{"environment":"Prod_SoutheastAsia_000j", "migrationStage":"NotStarted", "server":"GENERAL03000021"}}
{"logTime": "0327/104418", "correlationVector":"kVq8ZdA4unZtmLTgF59SZF.2","action":"GetUpdates Response", "result":"SYNCER_OK", "context":Received 68 update(s). cV=kVq8ZdA4unZtmLTgF59SZF.0;server=GENERAL03000021;cloudType=Multitenant;environment=Prod_SoutheastAsia_000j;migrationStage=NotStarted}
{"logTime": "0327/104418", "correlationVector":"gEJXeEgep6m+Eiyc/oo/yS","action":"Initial GetUpdates", "result":"", "context":Reason: RECONFIGURATION. cV=gEJXeEgep6m+Eiyc/oo/yS}
{"logTime": "0327/104418", "correlationVector":"gEJXeEgep6m+Eiyc/oo/yS.1","action":"SyncServerConnectionManagerRequest", "result":"SYNC_SERVER_OK", "context":{"environment":"Prod_SoutheastAsia_000j", "migrationStage":"NotStarted", "server":"GENERAL03000011"}}
{"logTime": "0327/104418", "correlationVector":"gEJXeEgep6m+Eiyc/oo/yS.2","action":"GetUpdates Response", "result":"SYNCER_OK", "context":Received 6 update(s). cV=gEJXeEgep6m+Eiyc/oo/yS.0;server=GENERAL03000011;cloudType=Multitenant;environment=Prod_SoutheastAsia_000j;migrationStage=NotStarted}
{"logTime": "0327/104418", "correlationVector":"YePcUwwib2EtAK05578b13","action":"Initial GetUpdates", "result":"", "context":Reason: RECONFIGURATION. cV=YePcUwwib2EtAK05578b13}
{"logTime": "0327/104424", "correlationVector":"YePcUwwib2EtAK05578b13.1","action":"SyncServerConnectionManagerRequest", "result":"SYNC_SERVER_OK", "context":{"environment":"Prod_SoutheastAsia_000j", "migrationStage":"NotStarted", "server":"GENERAL0300002F"}}
{"logTime": "0327/104424", "correlationVector":"YePcUwwib2EtAK05578b13.2","action":"GetUpdates", "result":"DeleteReceived", "context":{"id":"bb008fab-2432-474a-aa89-5361e17f3828", "isDeleted:":"true", "version":"1703826896293"}}
{"logTime": "0327/104424", "correlationVector":"YePcUwwib2EtAK05578b13.3","action":"GetUpdates", "result":"DeleteReceived", "context":{"id":"58249be4-7b86-4166-b41b-51404ab6ca69", "isDeleted:":"true", "version":"1703913064178"}}
{"logTime": "0327/104424", "correlationVector":"YePcUwwib2EtAK05578b13.4","action":"GetUpdates", "result":"DeleteReceived", "context":{"id":"3f275ea6-e2fb-4cfc-89b8-06373ff5c409", "isDeleted:":"true", "version":"1703913064179"}}
{"logTime": "0327/104424", "correlationVector":"YePcUwwib2EtAK05578b13.5","action":"GetUpdates", "result":"DeleteReceived", "context":{"id":"1301058c-33a5-4e4b-91e1-38f368ff0d1d", "isDeleted:":"true", "version":"1703917662299"}}
{"logTime": "0327/104424", "correlationVector":"YePcUwwib2EtAK05578b13.6","action":"GetUpdates", "result":"DeleteReceived", "context":{"id":"8e324f4b-729b-4819-82bd-19f7b3f690bf", "isDeleted:":"true", "version":"1703918060318"}}
{"logTime": "0327/104424", "correlationVector":"YePcUwwib2EtAK05578b13.7","action":"GetUpdates", "result":"DeleteReceived", "context":{"id":"0ee1ba6f-b6a1-4895-8c72-0eb6da66dcd9", "isDeleted:":"true", "version":"1703918553808"}}
{"logTime": "0327/104424", "correlationVector":"YePcUwwib2EtAK05578b13.8","action":"GetUpdates", "result":"DeleteReceived", "context":{"id":"84fb4c51-eeb6-4fc1-a383-996ab3490d44", "isDeleted:":"true", "version":"1703922079787"}}
{"logTime": "0327/104424", "correlationVector":"YePcUwwib2EtAK05578b13.9","action":"GetUpdates", "result":"DeleteReceived", "context":{"id":"b65956be-a34e-4cf9-b8aa-0cb7b0f8a977", "isDeleted:":"true", "version":"1703922079789"}}
{"logTime": "0327/104424", "correlationVector":"YePcUwwib2EtAK05578b13.10","action":"GetUpdates", "result":"DeleteReceived", "context":{"id":"7e5cde8b-e405-4fc7-a095-07629daaba38", "isDeleted:":"true", "version":"1703923835288"}}
{"logTime": "0327/104424", "correlationVector":"YePcUwwib2EtAK05578b13.11","action":"GetUpdates", "result":"DeleteReceived", "context":{"id":"faad4772-b1cf-4d5b-b0c7-2b23bbe0d1db", "isDeleted:":"true", "version":"1703935608460"}}
{"logTime": "0327/104424", "correlationVector":"YePcUwwib2EtAK05578b13.12","action":"GetUpdates", "result":"DeleteReceived", "context":{"id":"06447905-80e0-4890-b259-475d77b482fd", "isDeleted:":"true", "version":"1703935683882"}}
{"logTime": "0327/104424", "correlationVector":"YePcUwwib2EtAK05578b13.13","action":"GetUpdates", "result":"DeleteReceived", "context":{"id":"6198370a-5cba-4842-b7bd-effde0526e3d", "isDeleted:":"true", "version":"1703937642360"}}
{"logTime": "0327/104424", "correlationVector":"YePcUwwib2EtAK05578b13.14","action":"GetUpdates", "result":"DeleteReceived", "context":{"id":"224c1dcd-638a-4582-87c4-c343ec42bbf3", "isDeleted:":"true", "version":"1703937642364"}}
{"logTime": "0327/104424", "correlationVector":"YePcUwwib2EtAK05578b13.15","action":"GetUpdates", "result":"DeleteReceived", "context":{"id":"a23f721c-02ee-4128-a4da-efc4eab4c757", "isDeleted:":"true", "version":"1703937682055"}}
{"logTime": "0327/104424", "correlationVector":"YePcUwwib2EtAK05578b13.16","action":"GetUpdates", "result":"DeleteReceived", "context":{"id":"6edb495a-38ce-4511-b7e3-2b9bd3f2f2a0", "isDeleted:":"true", "version":"1704090335500"}}
{"logTime": "0327/104424", "correlationVector":"YePcUwwib2EtAK05578b13.17","action":"GetUpdates", "result":"DeleteReceived", "context":{"id":"920f7762-b5a8-4e22-8f47-1a0386803d55", "isDeleted:":"true", "version":"1704170855820"}}
{"logTime": "0327/104424", "correlationVector":"YePcUwwib2EtAK05578b13.18","action":"GetUpdates", "result":"DeleteReceived", "context":{"id":"41a0c68d-b31a-4092-ab39-0d49b4654bc7", "isDeleted:":"true", "version":"1704170855822"}}
{"logTime": "0327/104424", "correlationVector":"YePcUwwib2EtAK05578b13.19","action":"GetUpdates", "result":"DeleteReceived", "context":{"id":"8c376072-0421-4416-844c-58b22884ca53", "isDeleted:":"true", "version":"1704183920068"}}
{"logTime": "0327/104424", "correlationVector":"YePcUwwib2EtAK05578b13.20","action":"GetUpdates", "result":"DeleteReceived", "context":{"id":"d2d83239-7bcb-43cb-9013-bb37c41a08b4", "isDeleted:":"true", "version":"1704260932601"}}
{"logTime": "0327/104424", "correlationVector":"YePcUwwib2EtAK05578b13.21","action":"GetUpdates", "result":"DeleteReceived", "context":{"id":"f9c61bed-58be-4236-ab2e-be5aba045f98", "isDeleted:":"true", "version":"1704260938561"}}
{"logTime": "0327/104424", "correlationVector":"YePcUwwib2EtAK05578b13.22","action":"GetUpdates", "result":"DeleteReceived", "context":{"id":"668302af-cef4-4d7f-aab0-34e0e68da0cc", "isDeleted:":"true", "version":"1704383173263"}}
{"logTime": "0327/104424", "correlationVector":"YePcUwwib2EtAK05578b13.23","action":"GetUpdates", "result":"DeleteReceived", "context":{"id":"6c2d22f9-404e-47bf-a7f1-69fac7ccf5de", "isDeleted:":"true", "version":"1704383173264"}}
{"logTime": "0327/104424", "correlationVector":"YePcUwwib2EtAK05578b13.24","action":"GetUpdates", "result":"DeleteReceived", "context":{"id":"98296476-6ad6-490d-be3d-94fb197bf32b", "isDeleted:":"true", "version":"1704384750367"}}
{"logTime": "0327/104424", "correlationVector":"YePcUwwib2EtAK05578b13.25","action":"GetUpdates", "result":"DeleteReceived", "context":{"id":"c694831d-38e8-4c8f-9411-e93197aac756", "isDeleted:":"true", "version":"1704464099794"}}
{"logTime": "0327/104424", "correlationVector":"YePcUwwib2EtAK05578b13.26","action":"GetUpdates", "result":"DeleteReceived", "context":{"id":"730f13da-62a0-4e54-a880-b1c4e8bb16dd", "isDeleted:":"true", "version":"1704464099796"}}
{"logTime": "0327/104424", "correlationVector":"YePcUwwib2EtAK05578b13.27","action":"GetUpdates", "result":"DeleteReceived", "context":{"id":"4c181122-e0e1-4171-b429-bc2a638fe3cf", "isDeleted:":"true", "version":"1704464586976"}}
{"logTime": "0327/104424", "correlationVector":"YePcUwwib2EtAK05578b13.28","action":"GetUpdates", "result":"DeleteReceived", "context":{"id":"9eab7415-f4bf-46ff-8752-a76cba43bb9d", "isDeleted:":"true", "version":"1704516384272"}}
{"logTime": "0327/104424", "correlationVector":"YePcUwwib2EtAK05578b13.29","action":"GetUpdates", "result":"DeleteReceived", "context":{"id":"15217ecd-00ef-424f-a4e6-c674b47bb739", "isDeleted:":"true", "version":"1704787672628"}}
{"logTime": "0327/104424", "correlationVector":"YePcUwwib2EtAK05578b13.30","action":"GetUpdates", "result":"DeleteReceived", "context":{"id":"1a84053e-7b42-4bf1-b16d-61517c2ac0b7", "isDeleted:":"true", "version":"1704787672629"}}
{"logTime": "0327/104424", "correlationVector":"YePcUwwib2EtAK05578b13.31","action":"GetUpdates", "result":"DeleteReceived", "context":{"id":"fd54a44c-0609-47d9-915b-1d241776de41", "isDeleted:":"true", "version":"1704790969643"}}
{"logTime": "0327/104424", "correlationVector":"YePcUwwib2EtAK05578b13.32","action":"GetUpdates", "result":"DeleteReceived", "context":{"id":"0104832f-ef35-43cc-996e-308d91a52b33", "isDeleted:":"true", "version":"1704792361390"}}
{"logTime": "0327/104424", "correlationVector":"YePcUwwib2EtAK05578b13.33","action":"GetUpdates", "result":"DeleteReceived", "context":{"id":"b8aa29ae-91e0-4549-bba4-67579cedaa29", "isDeleted:":"true", "version":"1704792361392"}}
{"logTime": "0327/104424", "correlationVector":"YePcUwwib2EtAK05578b13.34","action":"GetUpdates Response", "result":"SERVER_MORE_TO_DOWNLOAD", "context":Received 250 update(s).  Some updates remain.}
{"logTime": "0327/104424", "correlationVector":"tbTGh6ssSaBPw1t6RYhc4U","action":"Initial GetUpdates", "result":"", "context":Reason: RECONFIGURATION. cV=tbTGh6ssSaBPw1t6RYhc4U}
{"logTime": "0327/104424", "correlationVector":"tbTGh6ssSaBPw1t6RYhc4U.1","action":"SyncServerConnectionManagerRequest", "result":"SYNC_SERVER_OK", "context":{"environment":"Prod_SoutheastAsia_000j", "migrationStage":"NotStarted", "server":"GENERAL03000000"}}
{"logTime": "0327/104424", "correlationVector":"tbTGh6ssSaBPw1t6RYhc4U.2","action":"GetUpdates", "result":"DeleteReceived", "context":{"id":"68d8a0a1-4c92-43af-813f-5f36d4984719", "isDeleted:":"true", "version":"1704797425843"}}
{"logTime": "0327/104424", "correlationVector":"tbTGh6ssSaBPw1t6RYhc4U.3","action":"GetUpdates", "result":"DeleteReceived", "context":{"id":"8e1afc4f-da9b-46ea-80c4-04747e9a99e2", "isDeleted:":"true", "version":"1704797644486"}}
{"logTime": "0327/104424", "correlationVector":"tbTGh6ssSaBPw1t6RYhc4U.4","action":"GetUpdates", "result":"DeleteReceived", "context":{"id":"5c81b143-25f0-44b5-8212-224bb1f711a6", "isDeleted:":"true", "version":"1704799119491"}}
{"logTime": "0327/104424", "correlationVector":"tbTGh6ssSaBPw1t6RYhc4U.5","action":"GetUpdates", "result":"DeleteReceived", "context":{"id":"f2847818-1c0c-4be7-a4ee-3234708ccbcd", "isDeleted:":"true", "version":"1704799119492"}}
{"logTime": "0327/104424", "correlationVector":"tbTGh6ssSaBPw1t6RYhc4U.6","action":"GetUpdates", "result":"DeleteReceived", "context":{"id":"7ade0c19-5633-4118-bc51-ede08816076f", "isDeleted:":"true", "version":"1704799119494"}}
{"logTime": "0327/104424", "correlationVector":"tbTGh6ssSaBPw1t6RYhc4U.7","action":"GetUpdates", "result":"DeleteReceived", "context":{"id":"1dcdca9b-92a1-468b-97f0-9341a2a56371", "isDeleted:":"true", "version":"1704799119495"}}
{"logTime": "0327/104424", "correlationVector":"tbTGh6ssSaBPw1t6RYhc4U.8","action":"GetUpdates", "result":"DeleteReceived", "context":{"id":"e9a3e83a-30f0-40f0-90de-b27264700d09", "isDeleted:":"true", "version":"1704879117152"}}
{"logTime": "0327/104424", "correlationVector":"tbTGh6ssSaBPw1t6RYhc4U.9","action":"GetUpdates", "result":"DeleteReceived", "context":{"id":"710a8082-c507-4f9e-94a5-9e00ae4284fe", "isDeleted:":"true", "version":"1704879117153"}}
{"logTime": "0327/104424", "correlationVector":"tbTGh6ssSaBPw1t6RYhc4U.10","action":"GetUpdates", "result":"DeleteReceived", "context":{"id":"9a4fcf4e-dea0-459b-bdd1-7dd8311d7db0", "isDeleted:":"true", "version":"1704879117155"}}
{"logTime": "0327/104424", "correlationVector":"tbTGh6ssSaBPw1t6RYhc4U.11","action":"GetUpdates", "result":"DeleteReceived", "context":{"id":"355d586f-f251-4b36-8f7d-f239cc6871b1", "isDeleted:":"true", "version":"1704880305798"}}
{"logTime": "0327/104424", "correlationVector":"tbTGh6ssSaBPw1t6RYhc4U.12","action":"GetUpdates", "result":"DeleteReceived", "context":{"id":"68f5592b-e737-462c-ab8d-31c65bfa3386", "isDeleted:":"true", "version":"1704902904988"}}
{"logTime": "0327/104424", "correlationVector":"tbTGh6ssSaBPw1t6RYhc4U.13","action":"GetUpdates", "result":"DeleteReceived", "context":{"id":"534e444b-7d1c-4acf-a10b-d2d31c1cfac5", "isDeleted:":"true", "version":"1704902904989"}}
{"logTime": "0327/104424", "correlationVector":"tbTGh6ssSaBPw1t6RYhc4U.14","action":"GetUpdates", "result":"DeleteReceived", "context":{"id":"4262b099-5f02-4e77-a5d4-b67dff671cd5", "isDeleted:":"true", "version":"1704950537809"}}
{"logTime": "0327/104424", "correlationVector":"tbTGh6ssSaBPw1t6RYhc4U.15","action":"GetUpdates", "result":"DeleteReceived", "context":{"id":"b047c87e-08b5-4fab-8b1b-cce26ca1b024", "isDeleted:":"true", "version":"1704950537810"}}
{"logTime": "0327/104424", "correlationVector":"tbTGh6ssSaBPw1t6RYhc4U.16","action":"GetUpdates", "result":"DeleteReceived", "context":{"id":"eed1a4e7-af75-4d5f-a638-6adc13a87ce9", "isDeleted:":"true", "version":"1704950537812"}}
{"logTime": "0327/104424", "correlationVector":"tbTGh6ssSaBPw1t6RYhc4U.17","action":"GetUpdates", "result":"DeleteReceived", "context":{"id":"d8d74490-d50f-48ff-a8d1-22b68d6e6dbc", "isDeleted:":"true", "version":"1705028196700"}}
{"logTime": "0327/104424", "correlationVector":"tbTGh6ssSaBPw1t6RYhc4U.18","action":"GetUpdates", "result":"DeleteReceived", "context":{"id":"4e9de769-393f-41d6-ac3d-bd9300947f94", "isDeleted:":"true", "version":"1705028196701"}}
{"logTime": "0327/104424", "correlationVector":"tbTGh6ssSaBPw1t6RYhc4U.19","action":"GetUpdates", "result":"DeleteReceived", "context":{"id":"cdb5590c-ef55-4b78-ada2-d5a6a191ebfc", "isDeleted:":"true", "version":"1705028196706"}}
{"logTime": "0327/104424", "correlationVector":"tbTGh6ssSaBPw1t6RYhc4U.20","action":"GetUpdates", "result":"DeleteReceived", "context":{"id":"c573b781-59d7-4acc-a1f6-f5afc7c64c75", "isDeleted:":"true", "version":"1705028822990"}}
{"logTime": "0327/104424", "correlationVector":"tbTGh6ssSaBPw1t6RYhc4U.21","action":"GetUpdates", "result":"DeleteReceived", "context":{"id":"89013da7-0c93-41ef-8c18-48030d61ca20", "isDeleted:":"true", "version":"1705028822993"}}
{"logTime": "0327/104424", "correlationVector":"tbTGh6ssSaBPw1t6RYhc4U.22","action":"GetUpdates", "result":"DeleteReceived", "context":{"id":"0eaaacc0-d222-481b-8977-f31731595c72", "isDeleted:":"true", "version":"1705028865135"}}
{"logTime": "0327/104424", "correlationVector":"tbTGh6ssSaBPw1t6RYhc4U.23","action":"GetUpdates", "result":"DeleteReceived", "context":{"id":"8f158d6c-dc2e-46f8-a233-5a9560a8e82f", "isDeleted:":"true", "version":"1705228588462"}}
{"logTime": "0327/104424", "correlationVector":"tbTGh6ssSaBPw1t6RYhc4U.24","action":"GetUpdates", "result":"DeleteReceived", "context":{"id":"da0812b6-9805-4f56-ab72-1944850c2915", "isDeleted:":"true", "version":"1705228588463"}}
{"logTime": "0327/104424", "correlationVector":"tbTGh6ssSaBPw1t6RYhc4U.25","action":"GetUpdates", "result":"DeleteReceived", "context":{"id":"59b9dea7-e40d-4cc9-93c0-b955c690dded", "isDeleted:":"true", "version":"1705293146624"}}
{"logTime": "0327/104424", "correlationVector":"tbTGh6ssSaBPw1t6RYhc4U.26","action":"GetUpdates", "result":"DeleteReceived", "context":{"id":"cccde9ee-9644-4722-ab47-e252ecdebd5e", "isDeleted:":"true", "version":"1705383671238"}}
{"logTime": "0327/104424", "correlationVector":"tbTGh6ssSaBPw1t6RYhc4U.27","action":"GetUpdates", "result":"DeleteReceived", "context":{"id":"d08af2b0-be99-4dd1-947e-812eb8e0803b", "isDeleted:":"true", "version":"1705383671239"}}
{"logTime": "0327/104424", "correlationVector":"tbTGh6ssSaBPw1t6RYhc4U.28","action":"GetUpdates", "result":"DeleteReceived", "context":{"id":"057a2454-73e9-49f5-80ed-617ead6b4fc4", "isDeleted:":"true", "version":"1705383671240"}}
{"logTime": "0327/104424", "correlationVector":"tbTGh6ssSaBPw1t6RYhc4U.29","action":"GetUpdates", "result":"DeleteReceived", "context":{"id":"d7e48d94-dc74-439a-948d-7cf42efedcb8", "isDeleted:":"true", "version":"1705383671243"}}
{"logTime": "0327/104424", "correlationVector":"tbTGh6ssSaBPw1t6RYhc4U.30","action":"GetUpdates", "result":"DeleteReceived", "context":{"id":"834a1127-f9e5-4a05-9f28-3d3540487f9c", "isDeleted:":"true", "version":"1705383671244"}}
{"logTime": "0327/104424", "correlationVector":"tbTGh6ssSaBPw1t6RYhc4U.31","action":"GetUpdates", "result":"DeleteReceived", "context":{"id":"efcac2d6-8f7f-4b66-a0e1-6c110545b6a3", "isDeleted:":"true", "version":"1705405045560"}}
{"logTime": "0327/104424", "correlationVector":"tbTGh6ssSaBPw1t6RYhc4U.32","action":"GetUpdates", "result":"DeleteReceived", "context":{"id":"73ecc3a9-142d-4063-bf4c-a7ca28a7f616", "isDeleted:":"true", "version":"1705422548705"}}
{"logTime": "0327/104424", "correlationVector":"tbTGh6ssSaBPw1t6RYhc4U.33","action":"GetUpdates", "result":"DeleteReceived", "context":{"id":"22b630cb-8569-4c91-88e8-576d7cac0f42", "isDeleted:":"true", "version":"1705422548706"}}
{"logTime": "0327/104424", "correlationVector":"tbTGh6ssSaBPw1t6RYhc4U.34","action":"GetUpdates", "result":"DeleteReceived", "context":{"id":"a1e87e9b-985a-423a-8493-a096beed9c44", "isDeleted:":"true", "version":"1705422548707"}}
{"logTime": "0327/104424", "correlationVector":"tbTGh6ssSaBPw1t6RYhc4U.35","action":"GetUpdates", "result":"DeleteReceived", "context":{"id":"bc8818be-c1ef-45c5-8a54-676b35f7bde4", "isDeleted:":"true", "version":"1705422548709"}}
{"logTime": "0327/104424", "correlationVector":"tbTGh6ssSaBPw1t6RYhc4U.36","action":"GetUpdates", "result":"DeleteReceived", "context":{"id":"4dafedf0-b25b-481d-8014-12a119680bda", "isDeleted:":"true", "version":"1705422548710"}}
{"logTime": "0327/104424", "correlationVector":"tbTGh6ssSaBPw1t6RYhc4U.37","action":"GetUpdates", "result":"DeleteReceived", "context":{"id":"711d5306-d5d9-4a52-93b1-481494db79d5", "isDeleted:":"true", "version":"1705498971329"}}
{"logTime": "0327/104424", "correlationVector":"tbTGh6ssSaBPw1t6RYhc4U.38","action":"GetUpdates", "result":"DeleteReceived", "context":{"id":"c0757f33-6650-4da5-988f-9392d4e8401e", "isDeleted:":"true", "version":"1705498992441"}}
{"logTime": "0327/104424", "correlationVector":"tbTGh6ssSaBPw1t6RYhc4U.39","action":"GetUpdates", "result":"DeleteReceived", "context":{"id":"b7452671-46ca-4a1d-8ce3-391ab294e749", "isDeleted:":"true", "version":"1705559153986"}}
{"logTime": "0327/104424", "correlationVector":"tbTGh6ssSaBPw1t6RYhc4U.40","action":"GetUpdates", "result":"DeleteReceived", "context":{"id":"42289ca3-3e7d-4498-947b-8031d9633dc9", "isDeleted:":"true", "version":"1705559153987"}}
{"logTime": "0327/104424", "correlationVector":"tbTGh6ssSaBPw1t6RYhc4U.41","action":"GetUpdates", "result":"DeleteReceived", "context":{"id":"37cb065f-9b6a-46d3-8ff6-4ebbf35c8d66", "isDeleted:":"true", "version":"1705638642099"}}
{"logTime": "0327/104424", "correlationVector":"tbTGh6ssSaBPw1t6RYhc4U.42","action":"GetUpdates", "result":"DeleteReceived", "context":{"id":"16ed70dd-ebc9-4342-b46e-6b429d33a057", "isDeleted:":"true", "version":"1705643185652"}}
{"logTime": "0327/104424", "correlationVector":"tbTGh6ssSaBPw1t6RYhc4U.43","action":"GetUpdates", "result":"DeleteReceived", "context":{"id":"2d7e29a3-f231-470e-9399-60ccd85935be", "isDeleted:":"true", "version":"1705643185653"}}
{"logTime": "0327/104424", "correlationVector":"tbTGh6ssSaBPw1t6RYhc4U.44","action":"GetUpdates", "result":"DeleteReceived", "context":{"id":"0ab083b2-0642-4781-b85c-8dccf6b7bdb4", "isDeleted:":"true", "version":"1705647178264"}}
{"logTime": "0327/104424", "correlationVector":"tbTGh6ssSaBPw1t6RYhc4U.45","action":"GetUpdates", "result":"DeleteReceived", "context":{"id":"d9e9ff4e-57d1-4f10-9416-3d67c3cedd2d", "isDeleted:":"true", "version":"1705647302318"}}
{"logTime": "0327/104424", "correlationVector":"tbTGh6ssSaBPw1t6RYhc4U.46","action":"GetUpdates", "result":"DeleteReceived", "context":{"id":"71d2a2a3-f711-4408-8253-ca4f9b976271", "isDeleted:":"true", "version":"1705647302320"}}
{"logTime": "0327/104424", "correlationVector":"tbTGh6ssSaBPw1t6RYhc4U.47","action":"GetUpdates", "result":"DeleteReceived", "context":{"id":"7854f95d-a9a9-4b2e-bdff-7547354a7dfa", "isDeleted:":"true", "version":"1705647302321"}}
{"logTime": "0327/104424", "correlationVector":"tbTGh6ssSaBPw1t6RYhc4U.48","action":"GetUpdates", "result":"DeleteReceived", "context":{"id":"f432808b-31ed-4f83-a79b-a52a18de1470", "isDeleted:":"true", "version":"1705647310523"}}
{"logTime": "0327/104424", "correlationVector":"tbTGh6ssSaBPw1t6RYhc4U.49","action":"GetUpdates", "result":"DeleteReceived", "context":{"id":"427851b4-d24d-430e-8fdf-82b400f63a61", "isDeleted:":"true", "version":"1705647351782"}}
{"logTime": "0327/104424", "correlationVector":"tbTGh6ssSaBPw1t6RYhc4U.50","action":"GetUpdates", "result":"DeleteReceived", "context":{"id":"16381715-1b21-4617-bc1f-defe18159f43", "isDeleted:":"true", "version":"1705651927266"}}
{"logTime": "0327/104424", "correlationVector":"tbTGh6ssSaBPw1t6RYhc4U.51","action":"GetUpdates", "result":"DeleteReceived", "context":{"id":"98442d01-a167-4f8e-bef1-efeb44387441", "isDeleted:":"true", "version":"1705653109507"}}
{"logTime": "0327/104424", "correlationVector":"tbTGh6ssSaBPw1t6RYhc4U.52","action":"GetUpdates", "result":"DeleteReceived", "context":{"id":"fef44a87-99d3-48b4-9e6a-5a2179cc9e92", "isDeleted:":"true", "version":"1705653109508"}}
{"logTime": "0327/104424", "correlationVector":"tbTGh6ssSaBPw1t6RYhc4U.53","action":"GetUpdates", "result":"DeleteReceived", "context":{"id":"7d9361a4-5b11-482d-a201-fb13b314e71c", "isDeleted:":"true", "version":"1705663969380"}}
{"logTime": "0327/104424", "correlationVector":"tbTGh6ssSaBPw1t6RYhc4U.54","action":"GetUpdates", "result":"DeleteReceived", "context":{"id":"9bf0673a-a5f5-481c-ba4e-02a2d119f3e2", "isDeleted:":"true", "version":"1705901680960"}}
{"logTime": "0327/104424", "correlationVector":"tbTGh6ssSaBPw1t6RYhc4U.55","action":"GetUpdates", "result":"DeleteReceived", "context":{"id":"a0859792-773d-45bd-b415-fba82da060d2", "isDeleted:":"true", "version":"1705901680961"}}
{"logTime": "0327/104424", "correlationVector":"tbTGh6ssSaBPw1t6RYhc4U.56","action":"GetUpdates", "result":"DeleteReceived", "context":{"id":"5452fe78-1a16-4253-969b-26e3a43b6d91", "isDeleted:":"true", "version":"1705901680962"}}
{"logTime": "0327/104424", "correlationVector":"tbTGh6ssSaBPw1t6RYhc4U.57","action":"GetUpdates", "result":"DeleteReceived", "context":{"id":"728af81d-625a-4094-b77c-0c2e54e22ce5", "isDeleted:":"true", "version":"1705901680964"}}
{"logTime": "0327/104424", "correlationVector":"tbTGh6ssSaBPw1t6RYhc4U.58","action":"GetUpdates", "result":"DeleteReceived", "context":{"id":"267f2302-0657-489c-8431-63e557604d3e", "isDeleted:":"true", "version":"1705901773909"}}
{"logTime": "0327/104424", "correlationVector":"tbTGh6ssSaBPw1t6RYhc4U.59","action":"GetUpdates", "result":"DeleteReceived", "context":{"id":"574440e8-5b7b-441c-adfb-b309a55bb566", "isDeleted:":"true", "version":"1705901773910"}}
{"logTime": "0327/104424", "correlationVector":"tbTGh6ssSaBPw1t6RYhc4U.60","action":"GetUpdates", "result":"DeleteReceived", "context":{"id":"58663fca-ae55-4d18-b036-60bb57a2ca50", "isDeleted:":"true", "version":"1705916126609"}}
{"logTime": "0327/104424", "correlationVector":"tbTGh6ssSaBPw1t6RYhc4U.61","action":"GetUpdates", "result":"DeleteReceived", "context":{"id":"780879c3-7b4a-4822-833b-a474d344dfe9", "isDeleted:":"true", "version":"1705922034018"}}
{"logTime": "0327/104424", "correlationVector":"tbTGh6ssSaBPw1t6RYhc4U.62","action":"GetUpdates", "result":"DeleteReceived", "context":{"id":"94bde0c9-7c27-420c-a1cf-5ab499e81d9c", "isDeleted:":"true", "version":"1705922070339"}}
{"logTime": "0327/104424", "correlationVector":"tbTGh6ssSaBPw1t6RYhc4U.63","action":"GetUpdates", "result":"DeleteReceived", "context":{"id":"07ea8e49-9d15-406c-a772-1e2aecea655b", "isDeleted:":"true", "version":"1705922070340"}}
{"logTime": "0327/104424", "correlationVector":"tbTGh6ssSaBPw1t6RYhc4U.64","action":"GetUpdates", "result":"DeleteReceived", "context":{"id":"3b2d8a9d-eb35-4b43-9d19-66efaf660650", "isDeleted:":"true", "version":"1705983784361"}}
{"logTime": "0327/104424", "correlationVector":"tbTGh6ssSaBPw1t6RYhc4U.65","action":"GetUpdates", "result":"DeleteReceived", "context":{"id":"79f38afe-45a8-4c09-9c33-f23581157e72", "isDeleted:":"true", "version":"1706002832515"}}
{"logTime": "0327/104424", "correlationVector":"tbTGh6ssSaBPw1t6RYhc4U.66","action":"GetUpdates", "result":"DeleteReceived", "context":{"id":"fa5598b6-66fb-4522-9cfa-1f726ad76c30", "isDeleted:":"true", "version":"1706028981925"}}
{"logTime": "0327/104424", "correlationVector":"tbTGh6ssSaBPw1t6RYhc4U.67","action":"GetUpdates", "result":"DeleteReceived", "context":{"id":"d4803a7e-79bc-4e53-9225-d9abc8f1fa16", "isDeleted:":"true", "version":"1706028981926"}}
{"logTime": "0327/104424", "correlationVector":"tbTGh6ssSaBPw1t6RYhc4U.68","action":"GetUpdates", "result":"DeleteReceived", "context":{"id":"b4e6bf6a-9a50-47bf-887b-9abaca1a626f", "isDeleted:":"true", "version":"1706028981929"}}
{"logTime": "0327/104424", "correlationVector":"tbTGh6ssSaBPw1t6RYhc4U.69","action":"GetUpdates", "result":"DeleteReceived", "context":{"id":"5c326031-8b7b-414e-9639-7c001d89694b", "isDeleted:":"true", "version":"1706028981930"}}
{"logTime": "0327/104424", "correlationVector":"tbTGh6ssSaBPw1t6RYhc4U.70","action":"GetUpdates", "result":"DeleteReceived", "context":{"id":"012301a9-6c92-4a15-8a32-8e8b117cd60b", "isDeleted:":"true", "version":"1706029488146"}}
{"logTime": "0327/104424", "correlationVector":"tbTGh6ssSaBPw1t6RYhc4U.71","action":"GetUpdates", "result":"DeleteReceived", "context":{"id":"7d51e0ab-dab8-4412-a2a6-eda9543a10f9", "isDeleted:":"true", "version":"1706029511675"}}
{"logTime": "0327/104424", "correlationVector":"tbTGh6ssSaBPw1t6RYhc4U.72","action":"GetUpdates", "result":"DeleteReceived", "context":{"id":"d1a19dfd-2070-4b6e-827d-f8f9949bb4b7", "isDeleted:":"true", "version":"1706079794885"}}
{"logTime": "0327/104424", "correlationVector":"tbTGh6ssSaBPw1t6RYhc4U.73","action":"GetUpdates", "result":"DeleteReceived", "context":{"id":"8e1eb3c6-961f-452d-b777-ac9afac8b9d5", "isDeleted:":"true", "version":"1706086644610"}}
{"logTime": "0327/104424", "correlationVector":"tbTGh6ssSaBPw1t6RYhc4U.74","action":"GetUpdates", "result":"DeleteReceived", "context":{"id":"4d11234b-0306-41e2-89c8-a92367079006", "isDeleted:":"true", "version":"1706086644611"}}
{"logTime": "0327/104424", "correlationVector":"tbTGh6ssSaBPw1t6RYhc4U.75","action":"GetUpdates", "result":"DeleteReceived", "context":{"id":"59431f9c-e880-4e4d-88b7-7fac202241ae", "isDeleted:":"true", "version":"1706086644612"}}
{"logTime": "0327/104424", "correlationVector":"tbTGh6ssSaBPw1t6RYhc4U.76","action":"GetUpdates", "result":"DeleteReceived", "context":{"id":"0b6d6f06-5242-486d-8c52-594839d32785", "isDeleted:":"true", "version":"1706100231777"}}
{"logTime": "0327/104424", "correlationVector":"tbTGh6ssSaBPw1t6RYhc4U.77","action":"GetUpdates", "result":"DeleteReceived", "context":{"id":"7c675fab-745b-442e-91e5-0be7ebbf371e", "isDeleted:":"true", "version":"1706172053703"}}
{"logTime": "0327/104424", "correlationVector":"tbTGh6ssSaBPw1t6RYhc4U.78","action":"GetUpdates", "result":"DeleteReceived", "context":{"id":"0f647f61-31a3-49ff-ab5c-2522652f2400", "isDeleted:":"true", "version":"1706172053704"}}
{"logTime": "0327/104424", "correlationVector":"tbTGh6ssSaBPw1t6RYhc4U.79","action":"GetUpdates", "result":"DeleteReceived", "context":{"id":"b0f7a935-d38c-45be-a4cd-3c7b17fa7ee8", "isDeleted:":"true", "version":"1706172053705"}}
{"logTime": "0327/104424", "correlationVector":"tbTGh6ssSaBPw1t6RYhc4U.80","action":"GetUpdates", "result":"DeleteReceived", "context":{"id":"17814b20-60a1-4575-a771-bde0e3ddf25f", "isDeleted:":"true", "version":"1706172053707"}}
{"logTime": "0327/104424", "correlationVector":"tbTGh6ssSaBPw1t6RYhc4U.81","action":"GetUpdates", "result":"DeleteReceived", "context":{"id":"3c6c99b1-00e8-4f57-b14f-7aa324db8f2e", "isDeleted:":"true", "version":"1706333304675"}}
{"logTime": "0327/104424", "correlationVector":"tbTGh6ssSaBPw1t6RYhc4U.82","action":"GetUpdates", "result":"DeleteReceived", "context":{"id":"57b8f966-e8be-4e30-b75c-bdd993b812c4", "isDeleted:":"true", "version":"1706502327069"}}
{"logTime": "0327/104424", "correlationVector":"tbTGh6ssSaBPw1t6RYhc4U.83","action":"GetUpdates", "result":"DeleteReceived", "context":{"id":"5e858c08-0709-4e1a-9154-d321ecb1ea91", "isDeleted:":"true", "version":"1706502327071"}}
{"logTime": "0327/104424", "correlationVector":"tbTGh6ssSaBPw1t6RYhc4U.84","action":"GetUpdates", "result":"DeleteReceived", "context":{"id":"c55315f1-1e94-409d-aa8e-08ffffd74a8b", "isDeleted:":"true", "version":"1706502692870"}}
{"logTime": "0327/104424", "correlationVector":"tbTGh6ssSaBPw1t6RYhc4U.85","action":"GetUpdates", "result":"DeleteReceived", "context":{"id":"486ecf75-820e-4e9b-a17e-8d58ac8e2466", "isDeleted:":"true", "version":"1706526854547"}}
{"logTime": "0327/104424", "correlationVector":"tbTGh6ssSaBPw1t6RYhc4U.86","action":"GetUpdates", "result":"DeleteReceived", "context":{"id":"cf8906e5-b5d7-405b-bc05-bc14f4ce767b", "isDeleted:":"true", "version":"1706526854548"}}
{"logTime": "0327/104424", "correlationVector":"tbTGh6ssSaBPw1t6RYhc4U.87","action":"GetUpdates", "result":"DeleteReceived", "context":{"id":"165af904-380d-4df3-a49b-a32c69dcda39", "isDeleted:":"true", "version":"1706526854549"}}
{"logTime": "0327/104424", "correlationVector":"tbTGh6ssSaBPw1t6RYhc4U.88","action":"GetUpdates", "result":"DeleteReceived", "context":{"id":"2e5eee0a-1fa9-4a72-b1fd-4e32754db642", "isDeleted:":"true", "version":"1706526854551"}}
{"logTime": "0327/104424", "correlationVector":"tbTGh6ssSaBPw1t6RYhc4U.89","action":"GetUpdates", "result":"DeleteReceived", "context":{"id":"cf229925-6cbe-413c-846d-77ca1160dd80", "isDeleted:":"true", "version":"1706592778824"}}
{"logTime": "0327/104424", "correlationVector":"tbTGh6ssSaBPw1t6RYhc4U.90","action":"GetUpdates", "result":"DeleteReceived", "context":{"id":"d3c2a06f-1099-4840-b3a9-8197e612ee65", "isDeleted:":"true", "version":"1706610331598"}}
{"logTime": "0327/104424", "correlationVector":"tbTGh6ssSaBPw1t6RYhc4U.91","action":"GetUpdates", "result":"DeleteReceived", "context":{"id":"4b67c4cf-f7ec-4901-9b7a-9e17be17fbf7", "isDeleted:":"true", "version":"1706613848059"}}
{"logTime": "0327/104424", "correlationVector":"tbTGh6ssSaBPw1t6RYhc4U.92","action":"GetUpdates", "result":"DeleteReceived", "context":{"id":"184e4760-20c6-4908-a960-8cde034e36b8", "isDeleted:":"true", "version":"1706613848060"}}
{"logTime": "0327/104424", "correlationVector":"tbTGh6ssSaBPw1t6RYhc4U.93","action":"GetUpdates", "result":"DeleteReceived", "context":{"id":"8fd3b92b-cd68-4f20-bd7e-67803ab16d49", "isDeleted:":"true", "version":"1706676910612"}}
{"logTime": "0327/104424", "correlationVector":"tbTGh6ssSaBPw1t6RYhc4U.94","action":"GetUpdates", "result":"DeleteReceived", "context":{"id":"444bbbd1-d7e9-4303-bd99-a2656cd4a715", "isDeleted:":"true", "version":"1706676963836"}}
{"logTime": "0327/104424", "correlationVector":"tbTGh6ssSaBPw1t6RYhc4U.95","action":"GetUpdates", "result":"DeleteReceived", "context":{"id":"339518a7-e2ce-4fcb-80b7-dbcad18e7ed1", "isDeleted:":"true", "version":"1706682153839"}}
{"logTime": "0327/104424", "correlationVector":"tbTGh6ssSaBPw1t6RYhc4U.96","action":"GetUpdates", "result":"DeleteReceived", "context":{"id":"01333269-a64d-493d-b74f-e74cd1cdc70e", "isDeleted:":"true", "version":"1706694668248"}}
{"logTime": "0327/104424", "correlationVector":"tbTGh6ssSaBPw1t6RYhc4U.97","action":"GetUpdates", "result":"DeleteReceived", "context":{"id":"f97e8d2a-e0bf-4f83-833a-22ff705541af", "isDeleted:":"true", "version":"1706771243413"}}
{"logTime": "0327/104424", "correlationVector":"tbTGh6ssSaBPw1t6RYhc4U.98","action":"GetUpdates", "result":"DeleteReceived", "context":{"id":"86c5cfcf-626e-46bc-a784-688e41f787ca", "isDeleted:":"true", "version":"1706771529181"}}
{"logTime": "0327/104424", "correlationVector":"tbTGh6ssSaBPw1t6RYhc4U.99","action":"GetUpdates", "result":"DeleteReceived", "context":{"id":"d2f28e4f-f738-4dab-bde3-a0ba844b1575", "isDeleted:":"true", "version":"1706771529183"}}
{"logTime": "0327/104424", "correlationVector":"tbTGh6ssSaBPw1t6RYhc4U.100","action":"GetUpdates", "result":"DeleteReceived", "context":{"id":"80706526-332b-4696-876e-07caf8181e0f", "isDeleted:":"true", "version":"1706772427258"}}
{"logTime": "0327/104424", "correlationVector":"tbTGh6ssSaBPw1t6RYhc4U.101","action":"GetUpdates", "result":"DeleteReceived", "context":{"id":"7c779d7d-2f94-40dc-a9b7-b8449da4e34b", "isDeleted:":"true", "version":"1706777692214"}}
{"logTime": "0327/104424", "correlationVector":"tbTGh6ssSaBPw1t6RYhc4U.102","action":"GetUpdates", "result":"DeleteReceived", "context":{"id":"9f731679-6236-4df6-87cc-fa0a67f904ba", "isDeleted:":"true", "version":"1706777692216"}}
{"logTime": "0327/104424", "correlationVector":"tbTGh6ssSaBPw1t6RYhc4U.103","action":"GetUpdates", "result":"DeleteReceived", "context":{"id":"a13cfe98-b07b-43f3-89ed-af2191abb896", "isDeleted:":"true", "version":"1706777692218"}}
{"logTime": "0327/104424", "correlationVector":"tbTGh6ssSaBPw1t6RYhc4U.104","action":"GetUpdates", "result":"DeleteReceived", "context":{"id":"0126df0e-17d4-4f78-a20d-c5baf1c0eaa0", "isDeleted:":"true", "version":"1706777772491"}}
{"logTime": "0327/104424", "correlationVector":"tbTGh6ssSaBPw1t6RYhc4U.105","action":"GetUpdates", "result":"DeleteReceived", "context":{"id":"c17651b4-5ee2-4538-aa0e-18527f5f7a80", "isDeleted:":"true", "version":"1706777826350"}}
{"logTime": "0327/104424", "correlationVector":"tbTGh6ssSaBPw1t6RYhc4U.106","action":"GetUpdates", "result":"DeleteReceived", "context":{"id":"0082a302-277e-43e6-807b-410f0ea7ff8e", "isDeleted:":"true", "version":"1706785796773"}}
{"logTime": "0327/104424", "correlationVector":"tbTGh6ssSaBPw1t6RYhc4U.107","action":"GetUpdates", "result":"DeleteReceived", "context":{"id":"e39b7c4e-caaf-419a-a679-43c4e8e0975a", "isDeleted:":"true", "version":"1706848612775"}}
{"logTime": "0327/104424", "correlationVector":"tbTGh6ssSaBPw1t6RYhc4U.108","action":"GetUpdates", "result":"DeleteReceived", "context":{"id":"fe38c2ae-b554-441a-94ba-065908970698", "isDeleted:":"true", "version":"1706865297786"}}
{"logTime": "0327/104424", "correlationVector":"tbTGh6ssSaBPw1t6RYhc4U.109","action":"GetUpdates", "result":"DeleteReceived", "context":{"id":"8c76d6ff-11d0-4571-bd2b-f206bf64fe35", "isDeleted:":"true", "version":"1707121040807"}}
{"logTime": "0327/104424", "correlationVector":"tbTGh6ssSaBPw1t6RYhc4U.110","action":"GetUpdates", "result":"DeleteReceived", "context":{"id":"c8a9d4e2-4d16-422a-b58d-b93e232c871c", "isDeleted:":"true", "version":"1707121040808"}}
{"logTime": "0327/104424", "correlationVector":"tbTGh6ssSaBPw1t6RYhc4U.111","action":"GetUpdates", "result":"DeleteReceived", "context":{"id":"48f462f7-ef7c-472d-a82c-8467ae2d7cc5", "isDeleted:":"true", "version":"1707121040810"}}
{"logTime": "0327/104424", "correlationVector":"tbTGh6ssSaBPw1t6RYhc4U.112","action":"GetUpdates", "result":"DeleteReceived", "context":{"id":"27e398f7-a733-44ea-a12c-7e89a0e9813b", "isDeleted:":"true", "version":"1707121040811"}}
{"logTime": "0327/104424", "correlationVector":"tbTGh6ssSaBPw1t6RYhc4U.113","action":"GetUpdates", "result":"DeleteReceived", "context":{"id":"96bc26b8-d9ca-40e1-b07a-da9313225b2e", "isDeleted:":"true", "version":"1707124680496"}}
{"logTime": "0327/104424", "correlationVector":"tbTGh6ssSaBPw1t6RYhc4U.114","action":"GetUpdates", "result":"DeleteReceived", "context":{"id":"47b32733-70c5-4665-a5c4-46a222304b2f", "isDeleted:":"true", "version":"1707128610561"}}
{"logTime": "0327/104424", "correlationVector":"tbTGh6ssSaBPw1t6RYhc4U.115","action":"GetUpdates", "result":"DeleteReceived", "context":{"id":"b9242534-266e-4492-a7b4-060de27a413d", "isDeleted:":"true", "version":"1707129168365"}}
{"logTime": "0327/104424", "correlationVector":"tbTGh6ssSaBPw1t6RYhc4U.116","action":"GetUpdates", "result":"DeleteReceived", "context":{"id":"6106c523-2916-4a5c-9b82-cb8432bed04e", "isDeleted:":"true", "version":"1707129168367"}}
{"logTime": "0327/104424", "correlationVector":"tbTGh6ssSaBPw1t6RYhc4U.117","action":"GetUpdates Response", "result":"SERVER_MORE_TO_DOWNLOAD", "context":Received 250 update(s).  Some updates remain.}
{"logTime": "0327/104424", "correlationVector":"+0cI+rKmz86a+VAAHNhidL","action":"Initial GetUpdates", "result":"", "context":Reason: RECONFIGURATION. cV=+0cI+rKmz86a+VAAHNhidL}
{"logTime": "0327/104425", "correlationVector":"+0cI+rKmz86a+VAAHNhidL.1","action":"SyncServerConnectionManagerRequest", "result":"SYNC_SERVER_OK", "context":{"environment":"Prod_SoutheastAsia_000j", "migrationStage":"NotStarted", "server":"GENERAL0100000T"}}
{"logTime": "0327/104425", "correlationVector":"+0cI+rKmz86a+VAAHNhidL.2","action":"GetUpdates", "result":"DeleteReceived", "context":{"id":"150bf36a-63a9-405b-b048-0cb45b709531", "isDeleted:":"true", "version":"1707194422904"}}
{"logTime": "0327/104425", "correlationVector":"+0cI+rKmz86a+VAAHNhidL.3","action":"GetUpdates", "result":"DeleteReceived", "context":{"id":"ab45e832-4933-414a-98ec-c1787111a787", "isDeleted:":"true", "version":"1707194422907"}}
{"logTime": "0327/104425", "correlationVector":"+0cI+rKmz86a+VAAHNhidL.4","action":"GetUpdates", "result":"DeleteReceived", "context":{"id":"78491139-b13b-4f4c-b3aa-034faf77917a", "isDeleted:":"true", "version":"1707211003547"}}
{"logTime": "0327/104425", "correlationVector":"+0cI+rKmz86a+VAAHNhidL.5","action":"GetUpdates", "result":"DeleteReceived", "context":{"id":"845be029-581b-46b6-8227-e279397068a6", "isDeleted:":"true", "version":"1707220865908"}}
{"logTime": "0327/104425", "correlationVector":"+0cI+rKmz86a+VAAHNhidL.6","action":"GetUpdates", "result":"DeleteReceived", "context":{"id":"8fb7eb98-4e5b-45f6-92a2-f591ff74a563", "isDeleted:":"true", "version":"1707279367758"}}
{"logTime": "0327/104425", "correlationVector":"+0cI+rKmz86a+VAAHNhidL.7","action":"GetUpdates", "result":"DeleteReceived", "context":{"id":"c77234b6-f749-4fee-a88e-281f72479cf7", "isDeleted:":"true", "version":"1707279367759"}}
{"logTime": "0327/104425", "correlationVector":"+0cI+rKmz86a+VAAHNhidL.8","action":"GetUpdates", "result":"DeleteReceived", "context":{"id":"7535c11f-5a6e-442e-b429-39c972879fdc", "isDeleted:":"true", "version":"1707279367761"}}
{"logTime": "0327/104425", "correlationVector":"+0cI+rKmz86a+VAAHNhidL.9","action":"GetUpdates", "result":"DeleteReceived", "context":{"id":"d97f3ba9-c60f-4447-a8fd-da121f0fa4b2", "isDeleted:":"true", "version":"1707279367762"}}
{"logTime": "0327/104425", "correlationVector":"+0cI+rKmz86a+VAAHNhidL.10","action":"GetUpdates", "result":"DeleteReceived", "context":{"id":"d5476ced-c84c-418b-8514-97721ac06a8d", "isDeleted:":"true", "version":"1707279367763"}}
{"logTime": "0327/104425", "correlationVector":"+0cI+rKmz86a+VAAHNhidL.11","action":"GetUpdates", "result":"DeleteReceived", "context":{"id":"b941a3a6-1e5c-4803-83ae-6f9324fd6b0c", "isDeleted:":"true", "version":"1707306045726"}}
{"logTime": "0327/104425", "correlationVector":"+0cI+rKmz86a+VAAHNhidL.12","action":"GetUpdates", "result":"DeleteReceived", "context":{"id":"3f9ae7ba-ce39-4d77-8c2a-5a706134c62e", "isDeleted:":"true", "version":"1707306203690"}}
{"logTime": "0327/104425", "correlationVector":"+0cI+rKmz86a+VAAHNhidL.13","action":"GetUpdates", "result":"DeleteReceived", "context":{"id":"42696191-699b-4ff5-93ca-dcca69835b15", "isDeleted:":"true", "version":"1707306739481"}}
{"logTime": "0327/104425", "correlationVector":"+0cI+rKmz86a+VAAHNhidL.14","action":"GetUpdates", "result":"DeleteReceived", "context":{"id":"067d9fff-bea5-405b-8998-ba1ef3804cf7", "isDeleted:":"true", "version":"1707306739483"}}
{"logTime": "0327/104425", "correlationVector":"+0cI+rKmz86a+VAAHNhidL.15","action":"GetUpdates", "result":"DeleteReceived", "context":{"id":"440c7f56-3a71-43c0-9858-dc8e8683c7a4", "isDeleted:":"true", "version":"1707307118469"}}
{"logTime": "0327/104425", "correlationVector":"+0cI+rKmz86a+VAAHNhidL.16","action":"GetUpdates", "result":"DeleteReceived", "context":{"id":"87f37e1a-9ed0-408d-a186-c88e72e59e51", "isDeleted:":"true", "version":"1707307118470"}}
{"logTime": "0327/104425", "correlationVector":"+0cI+rKmz86a+VAAHNhidL.17","action":"GetUpdates", "result":"DeleteReceived", "context":{"id":"918426a3-a9ef-49dd-b9b3-dd579a2744f8", "isDeleted:":"true", "version":"1707711992505"}}
{"logTime": "0327/104425", "correlationVector":"+0cI+rKmz86a+VAAHNhidL.18","action":"GetUpdates", "result":"DeleteReceived", "context":{"id":"1f560a30-6ad9-42a7-b8f6-73920926ce33", "isDeleted:":"true", "version":"1707711992506"}}
{"logTime": "0327/104425", "correlationVector":"+0cI+rKmz86a+VAAHNhidL.19","action":"GetUpdates", "result":"DeleteReceived", "context":{"id":"59285c58-1ab3-4051-811c-60082ec47efc", "isDeleted:":"true", "version":"1707718513416"}}
{"logTime": "0327/104425", "correlationVector":"+0cI+rKmz86a+VAAHNhidL.20","action":"GetUpdates", "result":"DeleteReceived", "context":{"id":"078c4e8d-db45-4ea5-b416-0859037d1e04", "isDeleted:":"true", "version":"1707798838426"}}
{"logTime": "0327/104425", "correlationVector":"+0cI+rKmz86a+VAAHNhidL.21","action":"GetUpdates", "result":"DeleteReceived", "context":{"id":"63723bfa-552d-40db-9b45-53fe3263be5d", "isDeleted:":"true", "version":"1707798838428"}}
{"logTime": "0327/104425", "correlationVector":"+0cI+rKmz86a+VAAHNhidL.22","action":"GetUpdates", "result":"DeleteReceived", "context":{"id":"c23e3034-b0a8-46d5-b4f4-070a60fb174b", "isDeleted:":"true", "version":"1707813022081"}}
{"logTime": "0327/104425", "correlationVector":"+0cI+rKmz86a+VAAHNhidL.23","action":"GetUpdates", "result":"DeleteReceived", "context":{"id":"931fe187-e518-4ac8-8904-48d47553995e", "isDeleted:":"true", "version":"1707818402507"}}
{"logTime": "0327/104425", "correlationVector":"+0cI+rKmz86a+VAAHNhidL.24","action":"GetUpdates", "result":"DeleteReceived", "context":{"id":"7bcef5ef-81d1-40ca-a9fa-7e219f551f3a", "isDeleted:":"true", "version":"1707886575989"}}
{"logTime": "0327/104425", "correlationVector":"+0cI+rKmz86a+VAAHNhidL.25","action":"GetUpdates", "result":"DeleteReceived", "context":{"id":"41836319-8eac-48e0-b13e-c756c70117c4", "isDeleted:":"true", "version":"1707886668552"}}
{"logTime": "0327/104425", "correlationVector":"+0cI+rKmz86a+VAAHNhidL.26","action":"GetUpdates", "result":"DeleteReceived", "context":{"id":"626fa172-9e8e-4817-a986-fa2cb1aeeab8", "isDeleted:":"true", "version":"1707886668554"}}
{"logTime": "0327/104425", "correlationVector":"+0cI+rKmz86a+VAAHNhidL.27","action":"GetUpdates", "result":"DeleteReceived", "context":{"id":"50da490e-7645-4dc6-824e-9f4f30080930", "isDeleted:":"true", "version":"1707911061897"}}
{"logTime": "0327/104425", "correlationVector":"+0cI+rKmz86a+VAAHNhidL.28","action":"GetUpdates", "result":"DeleteReceived", "context":{"id":"7bf0dff8-fa82-4e0a-9cd3-a2faeae90d47", "isDeleted:":"true", "version":"1707978611344"}}
{"logTime": "0327/104425", "correlationVector":"+0cI+rKmz86a+VAAHNhidL.29","action":"GetUpdates", "result":"DeleteReceived", "context":{"id":"abdb75f9-6b73-49ec-89c1-79b599f9c249", "isDeleted:":"true", "version":"1707978611346"}}
{"logTime": "0327/104425", "correlationVector":"+0cI+rKmz86a+VAAHNhidL.30","action":"GetUpdates", "result":"DeleteReceived", "context":{"id":"32ee6e94-cd06-45f3-ba5c-eb35e19002f3", "isDeleted:":"true", "version":"1708429777816"}}
{"logTime": "0327/104425", "correlationVector":"+0cI+rKmz86a+VAAHNhidL.31","action":"GetUpdates", "result":"DeleteReceived", "context":{"id":"8281e36d-8acf-43a2-b065-dce5c2b2e271", "isDeleted:":"true", "version":"1708489989587"}}
{"logTime": "0327/104425", "correlationVector":"+0cI+rKmz86a+VAAHNhidL.32","action":"GetUpdates", "result":"DeleteReceived", "context":{"id":"88640855-f148-4630-8a24-3b7820ff8983", "isDeleted:":"true", "version":"1708489989588"}}
{"logTime": "0327/104425", "correlationVector":"+0cI+rKmz86a+VAAHNhidL.33","action":"GetUpdates", "result":"DeleteReceived", "context":{"id":"aaa9c16c-f0e3-4bd2-b07d-6d377bcf01aa", "isDeleted:":"true", "version":"1708489989590"}}
{"logTime": "0327/104425", "correlationVector":"+0cI+rKmz86a+VAAHNhidL.34","action":"GetUpdates", "result":"DeleteReceived", "context":{"id":"b477d4a8-0162-4614-bc3b-06742a8128c4", "isDeleted:":"true", "version":"1708489989591"}}
{"logTime": "0327/104425", "correlationVector":"+0cI+rKmz86a+VAAHNhidL.35","action":"GetUpdates", "result":"DeleteReceived", "context":{"id":"ed157590-0e25-4b36-91df-f5949a2b73cd", "isDeleted:":"true", "version":"1708489989592"}}
{"logTime": "0327/104425", "correlationVector":"+0cI+rKmz86a+VAAHNhidL.36","action":"GetUpdates", "result":"DeleteReceived", "context":{"id":"8f7b8525-d550-41e4-807d-b710f68c107e", "isDeleted:":"true", "version":"1708489989593"}}
{"logTime": "0327/104425", "correlationVector":"+0cI+rKmz86a+VAAHNhidL.37","action":"GetUpdates", "result":"DeleteReceived", "context":{"id":"2a56e98b-eb7b-4690-8541-34abbaa97b8b", "isDeleted:":"true", "version":"1708508473168"}}
{"logTime": "0327/104425", "correlationVector":"+0cI+rKmz86a+VAAHNhidL.38","action":"GetUpdates", "result":"DeleteReceived", "context":{"id":"be5fd852-c4b9-4ecd-934b-2016be238e2f", "isDeleted:":"true", "version":"1708508473169"}}
{"logTime": "0327/104425", "correlationVector":"+0cI+rKmz86a+VAAHNhidL.39","action":"GetUpdates", "result":"DeleteReceived", "context":{"id":"59d800f5-8d0b-4d88-b20c-7b56d5cc0703", "isDeleted:":"true", "version":"1708594151573"}}
{"logTime": "0327/104425", "correlationVector":"+0cI+rKmz86a+VAAHNhidL.40","action":"GetUpdates", "result":"DeleteReceived", "context":{"id":"89539d56-3d6b-41a0-aa64-d37f7d636760", "isDeleted:":"true", "version":"1708594151575"}}
{"logTime": "0327/104425", "correlationVector":"+0cI+rKmz86a+VAAHNhidL.41","action":"GetUpdates", "result":"DeleteReceived", "context":{"id":"9ba4501a-2316-46ab-8729-2ccf832ad61b", "isDeleted:":"true", "version":"1708594338465"}}
{"logTime": "0327/104425", "correlationVector":"+0cI+rKmz86a+VAAHNhidL.42","action":"GetUpdates", "result":"DeleteReceived", "context":{"id":"8cd5ce5d-d79d-4f06-87f7-3605cfb893de", "isDeleted:":"true", "version":"1708599577844"}}
{"logTime": "0327/104425", "correlationVector":"+0cI+rKmz86a+VAAHNhidL.43","action":"GetUpdates", "result":"DeleteReceived", "context":{"id":"c7e964cf-9e42-41d3-8778-a211aff740c4", "isDeleted:":"true", "version":"1708618829490"}}
{"logTime": "0327/104425", "correlationVector":"+0cI+rKmz86a+VAAHNhidL.44","action":"GetUpdates", "result":"DeleteReceived", "context":{"id":"a9911b5f-73a6-489d-bed8-6ac30fe45e8f", "isDeleted:":"true", "version":"1708618829491"}}
{"logTime": "0327/104425", "correlationVector":"+0cI+rKmz86a+VAAHNhidL.45","action":"GetUpdates", "result":"DeleteReceived", "context":{"id":"d5103c51-7846-49ec-bbeb-18b9377fa5d3", "isDeleted:":"true", "version":"1708663955101"}}
{"logTime": "0327/104425", "correlationVector":"+0cI+rKmz86a+VAAHNhidL.46","action":"GetUpdates", "result":"DeleteReceived", "context":{"id":"19912439-ecf5-4334-b7d8-0a99c90f1ab8", "isDeleted:":"true", "version":"1708663955102"}}
{"logTime": "0327/104425", "correlationVector":"+0cI+rKmz86a+VAAHNhidL.47","action":"GetUpdates", "result":"DeleteReceived", "context":{"id":"2cb77d02-13b6-4ac4-9e6a-bdfa9f79dc7a", "isDeleted:":"true", "version":"1708663955103"}}
{"logTime": "0327/104425", "correlationVector":"+0cI+rKmz86a+VAAHNhidL.48","action":"GetUpdates", "result":"DeleteReceived", "context":{"id":"068b34c9-51b7-4b76-a3d5-75effc633e15", "isDeleted:":"true", "version":"1708663955104"}}
{"logTime": "0327/104425", "correlationVector":"+0cI+rKmz86a+VAAHNhidL.49","action":"GetUpdates", "result":"DeleteReceived", "context":{"id":"13a2a2dc-855e-4cdf-8460-ef630b06e52b", "isDeleted:":"true", "version":"1708663955106"}}
{"logTime": "0327/104425", "correlationVector":"+0cI+rKmz86a+VAAHNhidL.50","action":"GetUpdates", "result":"DeleteReceived", "context":{"id":"84aad554-54ef-4f47-be92-a1950bfa77bd", "isDeleted:":"true", "version":"1708663955107"}}
{"logTime": "0327/104425", "correlationVector":"+0cI+rKmz86a+VAAHNhidL.51","action":"GetUpdates", "result":"DeleteReceived", "context":{"id":"6afc4aa2-775f-4a30-ba91-eeb392f5ecc5", "isDeleted:":"true", "version":"1708663955108"}}
{"logTime": "0327/104425", "correlationVector":"+0cI+rKmz86a+VAAHNhidL.52","action":"GetUpdates", "result":"DeleteReceived", "context":{"id":"cb4335dd-17d9-40fd-9167-444831020979", "isDeleted:":"true", "version":"1708663955109"}}
{"logTime": "0327/104425", "correlationVector":"+0cI+rKmz86a+VAAHNhidL.53","action":"GetUpdates", "result":"DeleteReceived", "context":{"id":"b619884c-f7bc-42bb-b02e-002075c61ce4", "isDeleted:":"true", "version":"1708663955110"}}
{"logTime": "0327/104425", "correlationVector":"+0cI+rKmz86a+VAAHNhidL.54","action":"GetUpdates", "result":"DeleteReceived", "context":{"id":"5374a7c3-ea1c-4bf7-acee-abfd7bb63555", "isDeleted:":"true", "version":"1708663955111"}}
{"logTime": "0327/104425", "correlationVector":"+0cI+rKmz86a+VAAHNhidL.55","action":"GetUpdates", "result":"DeleteReceived", "context":{"id":"c9ad8e71-725d-4c99-b43c-9dfd00e26703", "isDeleted:":"true", "version":"1708672270335"}}
{"logTime": "0327/104425", "correlationVector":"+0cI+rKmz86a+VAAHNhidL.56","action":"GetUpdates", "result":"DeleteReceived", "context":{"id":"1179e248-528c-4be6-8ed7-e080774d4bb7", "isDeleted:":"true", "version":"1708686474292"}}
{"logTime": "0327/104425", "correlationVector":"+0cI+rKmz86a+VAAHNhidL.57","action":"GetUpdates", "result":"DeleteReceived", "context":{"id":"152d6acb-e5a4-495a-9569-57fa6479a7fc", "isDeleted:":"true", "version":"1708686572110"}}
{"logTime": "0327/104425", "correlationVector":"+0cI+rKmz86a+VAAHNhidL.58","action":"GetUpdates", "result":"DeleteReceived", "context":{"id":"e5305e8a-7acd-43b8-a577-18d9e53c4b39", "isDeleted:":"true", "version":"1708686572111"}}
{"logTime": "0327/104425", "correlationVector":"+0cI+rKmz86a+VAAHNhidL.59","action":"GetUpdates", "result":"DeleteReceived", "context":{"id":"7efa49a5-d7f5-462b-8dd1-b3ab39de55b7", "isDeleted:":"true", "version":"1708743961943"}}
{"logTime": "0327/104425", "correlationVector":"+0cI+rKmz86a+VAAHNhidL.60","action":"GetUpdates", "result":"DeleteReceived", "context":{"id":"3bf798a4-607a-497e-a490-29f5aecd7469", "isDeleted:":"true", "version":"1708743961945"}}
{"logTime": "0327/104425", "correlationVector":"+0cI+rKmz86a+VAAHNhidL.61","action":"GetUpdates", "result":"DeleteReceived", "context":{"id":"21717dd3-121c-40ae-a9e8-dd1602d6514d", "isDeleted:":"true", "version":"1708744190211"}}
{"logTime": "0327/104425", "correlationVector":"+0cI+rKmz86a+VAAHNhidL.62","action":"GetUpdates", "result":"DeleteReceived", "context":{"id":"e6f7995c-bfe1-4915-a630-708e9c72689d", "isDeleted:":"true", "version":"1708748021902"}}
{"logTime": "0327/104425", "correlationVector":"+0cI+rKmz86a+VAAHNhidL.63","action":"GetUpdates", "result":"DeleteReceived", "context":{"id":"092f7f04-f81c-4dba-a599-4a712e65d054", "isDeleted:":"true", "version":"1708748021903"}}
{"logTime": "0327/104425", "correlationVector":"+0cI+rKmz86a+VAAHNhidL.64","action":"GetUpdates", "result":"DeleteReceived", "context":{"id":"496821d4-6eef-4093-af78-148e29ce4b42", "isDeleted:":"true", "version":"1708748021906"}}
{"logTime": "0327/104425", "correlationVector":"+0cI+rKmz86a+VAAHNhidL.65","action":"GetUpdates", "result":"DeleteReceived", "context":{"id":"5b9d0d21-1c01-4c5d-aaba-37322abce878", "isDeleted:":"true", "version":"1708752005123"}}
{"logTime": "0327/104425", "correlationVector":"+0cI+rKmz86a+VAAHNhidL.66","action":"GetUpdates", "result":"DeleteReceived", "context":{"id":"0d6605e7-5e26-4736-9ead-956f0812097f", "isDeleted:":"true", "version":"1708752664196"}}
{"logTime": "0327/104425", "correlationVector":"+0cI+rKmz86a+VAAHNhidL.67","action":"GetUpdates", "result":"DeleteReceived", "context":{"id":"b7462f04-a7c0-47d1-b874-5f9316e3f6ed", "isDeleted:":"true", "version":"1708754236611"}}
{"logTime": "0327/104425", "correlationVector":"+0cI+rKmz86a+VAAHNhidL.68","action":"GetUpdates", "result":"DeleteReceived", "context":{"id":"e74f98fa-7933-48c4-9cd2-b8e3f09073ff", "isDeleted:":"true", "version":"1708930105102"}}
{"logTime": "0327/104425", "correlationVector":"+0cI+rKmz86a+VAAHNhidL.69","action":"GetUpdates", "result":"DeleteReceived", "context":{"id":"02344821-1ced-4bb6-a9f8-ba27a1662169", "isDeleted:":"true", "version":"1708940724550"}}
{"logTime": "0327/104425", "correlationVector":"+0cI+rKmz86a+VAAHNhidL.70","action":"GetUpdates", "result":"DeleteReceived", "context":{"id":"26f03448-3074-4be0-99e4-2e011e8df5f6", "isDeleted:":"true", "version":"1708942745821"}}
{"logTime": "0327/104425", "correlationVector":"+0cI+rKmz86a+VAAHNhidL.71","action":"GetUpdates", "result":"DeleteReceived", "context":{"id":"c03cbe51-5ddc-4901-acae-fbbb9fa7c15a", "isDeleted:":"true", "version":"1708947025498"}}
{"logTime": "0327/104425", "correlationVector":"+0cI+rKmz86a+VAAHNhidL.72","action":"GetUpdates", "result":"DeleteReceived", "context":{"id":"39eb3e81-20aa-40a8-9940-3392090be598", "isDeleted:":"true", "version":"1708947676284"}}
{"logTime": "0327/104425", "correlationVector":"+0cI+rKmz86a+VAAHNhidL.73","action":"GetUpdates", "result":"DeleteReceived", "context":{"id":"0275eb07-3524-4836-9b74-4c58961395ed", "isDeleted:":"true", "version":"1709008711365"}}
{"logTime": "0327/104425", "correlationVector":"+0cI+rKmz86a+VAAHNhidL.74","action":"GetUpdates", "result":"DeleteReceived", "context":{"id":"9be95c09-cbe9-4e01-95ae-a90659275b75", "isDeleted:":"true", "version":"1709009334837"}}
{"logTime": "0327/104425", "correlationVector":"+0cI+rKmz86a+VAAHNhidL.75","action":"GetUpdates", "result":"DeleteReceived", "context":{"id":"45228513-b147-4e9c-9e1c-b34f3ac833a9", "isDeleted:":"true", "version":"1709009661961"}}
{"logTime": "0327/104425", "correlationVector":"+0cI+rKmz86a+VAAHNhidL.76","action":"GetUpdates", "result":"DeleteReceived", "context":{"id":"13f6c8b3-25de-484c-9236-362ee5395a05", "isDeleted:":"true", "version":"1709009661964"}}
{"logTime": "0327/104425", "correlationVector":"+0cI+rKmz86a+VAAHNhidL.77","action":"GetUpdates", "result":"DeleteReceived", "context":{"id":"bd374a25-10c8-4ed2-8349-59b13b85568d", "isDeleted:":"true", "version":"1709009801526"}}
{"logTime": "0327/104425", "correlationVector":"+0cI+rKmz86a+VAAHNhidL.78","action":"GetUpdates", "result":"DeleteReceived", "context":{"id":"aa3f49cf-33ca-46f6-b8c1-0b89dc3ffe02", "isDeleted:":"true", "version":"1709011850158"}}
{"logTime": "0327/104425", "correlationVector":"+0cI+rKmz86a+VAAHNhidL.79","action":"GetUpdates", "result":"DeleteReceived", "context":{"id":"5a01633c-39c7-4468-9155-e78a050b3cef", "isDeleted:":"true", "version":"1709017257897"}}
{"logTime": "0327/104425", "correlationVector":"+0cI+rKmz86a+VAAHNhidL.80","action":"GetUpdates", "result":"DeleteReceived", "context":{"id":"8e558983-397d-4c82-8631-6a7e5ded04f7", "isDeleted:":"true", "version":"1709018640179"}}
{"logTime": "0327/104425", "correlationVector":"+0cI+rKmz86a+VAAHNhidL.81","action":"GetUpdates", "result":"DeleteReceived", "context":{"id":"3a51bf11-ba04-4eae-8edf-4a61d1ce060c", "isDeleted:":"true", "version":"1709022272917"}}
{"logTime": "0327/104425", "correlationVector":"+0cI+rKmz86a+VAAHNhidL.82","action":"GetUpdates", "result":"DeleteReceived", "context":{"id":"06adc865-b22e-4857-bdee-4dd4021ae1d2", "isDeleted:":"true", "version":"1709026571594"}}
{"logTime": "0327/104425", "correlationVector":"+0cI+rKmz86a+VAAHNhidL.83","action":"GetUpdates", "result":"DeleteReceived", "context":{"id":"c4affc64-cefa-4f3e-a347-456f347a2d70", "isDeleted:":"true", "version":"1709033015181"}}
{"logTime": "0327/104425", "correlationVector":"+0cI+rKmz86a+VAAHNhidL.84","action":"GetUpdates", "result":"DeleteReceived", "context":{"id":"1c37865e-d05a-40a9-8893-753bf731a970", "isDeleted:":"true", "version":"1709111156575"}}
{"logTime": "0327/104425", "correlationVector":"+0cI+rKmz86a+VAAHNhidL.85","action":"GetUpdates", "result":"DeleteReceived", "context":{"id":"dd8ee3b9-64af-4b39-99fc-5eb2f7e0623b", "isDeleted:":"true", "version":"1709112631347"}}
{"logTime": "0327/104425", "correlationVector":"+0cI+rKmz86a+VAAHNhidL.86","action":"GetUpdates", "result":"DeleteReceived", "context":{"id":"1a3b2d56-84c4-4cba-9ef7-0bb94d11909a", "isDeleted:":"true", "version":"1709115784449"}}
{"logTime": "0327/104425", "correlationVector":"+0cI+rKmz86a+VAAHNhidL.87","action":"GetUpdates", "result":"DeleteReceived", "context":{"id":"92199893-d5db-4fae-bf15-208a41e709ab", "isDeleted:":"true", "version":"1709115830825"}}
{"logTime": "0327/104425", "correlationVector":"+0cI+rKmz86a+VAAHNhidL.88","action":"GetUpdates", "result":"DeleteReceived", "context":{"id":"a8bea2a4-a6f6-476f-81c8-2576ed01acc0", "isDeleted:":"true", "version":"1709115830827"}}
{"logTime": "0327/104425", "correlationVector":"+0cI+rKmz86a+VAAHNhidL.89","action":"GetUpdates", "result":"DeleteReceived", "context":{"id":"3b73d585-ea89-48bb-a199-1866b37d46eb", "isDeleted:":"true", "version":"1709200569033"}}
{"logTime": "0327/104425", "correlationVector":"+0cI+rKmz86a+VAAHNhidL.90","action":"GetUpdates", "result":"DeleteReceived", "context":{"id":"fba65845-814e-462f-aaa3-c700899d58dc", "isDeleted:":"true", "version":"1709200569034"}}
{"logTime": "0327/104425", "correlationVector":"+0cI+rKmz86a+VAAHNhidL.91","action":"GetUpdates", "result":"DeleteReceived", "context":{"id":"afec9c63-57af-47ec-a073-ba183fb64bc3", "isDeleted:":"true", "version":"1709201260118"}}
{"logTime": "0327/104425", "correlationVector":"+0cI+rKmz86a+VAAHNhidL.92","action":"GetUpdates", "result":"DeleteReceived", "context":{"id":"d6c9253c-317d-4d51-90b4-5a6eafb5205a", "isDeleted:":"true", "version":"1709203196890"}}
{"logTime": "0327/104425", "correlationVector":"+0cI+rKmz86a+VAAHNhidL.93","action":"GetUpdates", "result":"DeleteReceived", "context":{"id":"23cb67ff-f121-42cc-9966-fecccb449f98", "isDeleted:":"true", "version":"1709204208304"}}
{"logTime": "0327/104425", "correlationVector":"+0cI+rKmz86a+VAAHNhidL.94","action":"GetUpdates", "result":"DeleteReceived", "context":{"id":"3c9ecf1a-2d60-4abd-b6cc-5dd324de32c0", "isDeleted:":"true", "version":"1709204491718"}}
{"logTime": "0327/104425", "correlationVector":"+0cI+rKmz86a+VAAHNhidL.95","action":"GetUpdates", "result":"DeleteReceived", "context":{"id":"0d752c52-d319-4e9f-8061-b10210d4cf19", "isDeleted:":"true", "version":"1709268067578"}}
{"logTime": "0327/104425", "correlationVector":"+0cI+rKmz86a+VAAHNhidL.96","action":"GetUpdates", "result":"DeleteReceived", "context":{"id":"abb66b91-4a49-4470-8d77-ba4cb4066ed4", "isDeleted:":"true", "version":"1709268353383"}}
{"logTime": "0327/104425", "correlationVector":"+0cI+rKmz86a+VAAHNhidL.97","action":"GetUpdates", "result":"DeleteReceived", "context":{"id":"e9ed5eb1-2b8b-4d31-9b49-aeb1c13690dc", "isDeleted:":"true", "version":"1709269579987"}}
{"logTime": "0327/104425", "correlationVector":"+0cI+rKmz86a+VAAHNhidL.98","action":"GetUpdates", "result":"DeleteReceived", "context":{"id":"5e0abc63-3cf6-48f9-b8ba-3b1c4c3e9ec2", "isDeleted:":"true", "version":"1709269579991"}}
{"logTime": "0327/104425", "correlationVector":"+0cI+rKmz86a+VAAHNhidL.99","action":"GetUpdates", "result":"DeleteReceived", "context":{"id":"e41d1d4d-1eb9-4eed-830d-e2395223ceb6", "isDeleted:":"true", "version":"1709269767876"}}
{"logTime": "0327/104425", "correlationVector":"+0cI+rKmz86a+VAAHNhidL.100","action":"GetUpdates", "result":"DeleteReceived", "context":{"id":"de1f47d4-62fd-4af1-8a6c-2af8993ff2b0", "isDeleted:":"true", "version":"1709269798511"}}
{"logTime": "0327/104425", "correlationVector":"+0cI+rKmz86a+VAAHNhidL.101","action":"GetUpdates", "result":"DeleteReceived", "context":{"id":"d59f3188-9dc1-4b1f-bfa9-fe68b20bd919", "isDeleted:":"true", "version":"1709269830012"}}
{"logTime": "0327/104425", "correlationVector":"+0cI+rKmz86a+VAAHNhidL.102","action":"GetUpdates", "result":"DeleteReceived", "context":{"id":"dfc4016f-9421-4efd-83a8-56e15610d7bf", "isDeleted:":"true", "version":"1709270000980"}}
{"logTime": "0327/104425", "correlationVector":"+0cI+rKmz86a+VAAHNhidL.103","action":"GetUpdates", "result":"DeleteReceived", "context":{"id":"c1607e10-725c-416b-bff5-0e843fee4e6e", "isDeleted:":"true", "version":"1709310255984"}}
{"logTime": "0327/104425", "correlationVector":"+0cI+rKmz86a+VAAHNhidL.104","action":"GetUpdates", "result":"DeleteReceived", "context":{"id":"d3400243-f536-4f5b-bd62-a25b126c5a8c", "isDeleted:":"true", "version":"1709310255986"}}
{"logTime": "0327/104425", "correlationVector":"+0cI+rKmz86a+VAAHNhidL.105","action":"GetUpdates", "result":"DeleteReceived", "context":{"id":"fe4ff795-2f69-461d-b2c4-4057b98ab1fb", "isDeleted:":"true", "version":"1709310255987"}}
{"logTime": "0327/104425", "correlationVector":"+0cI+rKmz86a+VAAHNhidL.106","action":"GetUpdates", "result":"DeleteReceived", "context":{"id":"44763b92-2f78-48ec-ae9a-56f26fc44d4e", "isDeleted:":"true", "version":"1709310255988"}}
{"logTime": "0327/104425", "correlationVector":"+0cI+rKmz86a+VAAHNhidL.107","action":"GetUpdates", "result":"DeleteReceived", "context":{"id":"85cc5905-690d-4fbe-9a53-a6d37ed42572", "isDeleted:":"true", "version":"1709545168441"}}
{"logTime": "0327/104425", "correlationVector":"+0cI+rKmz86a+VAAHNhidL.108","action":"GetUpdates", "result":"DeleteReceived", "context":{"id":"538d0694-2fdf-4339-922e-8ea397bf06bc", "isDeleted:":"true", "version":"1709613494513"}}
{"logTime": "0327/104425", "correlationVector":"+0cI+rKmz86a+VAAHNhidL.109","action":"GetUpdates Response", "result":"SERVER_MORE_TO_DOWNLOAD", "context":Received 250 update(s).  Some updates remain.}
{"logTime": "0327/104425", "correlationVector":"PZNXUj4imG3zXivRGCFCXc","action":"Initial GetUpdates", "result":"", "context":Reason: RECONFIGURATION. cV=PZNXUj4imG3zXivRGCFCXc}
{"logTime": "0327/104425", "correlationVector":"PZNXUj4imG3zXivRGCFCXc.1","action":"SyncServerConnectionManagerRequest", "result":"SYNC_SERVER_OK", "context":{"environment":"Prod_SoutheastAsia_000j", "migrationStage":"NotStarted", "server":"GENERAL0100000C"}}
{"logTime": "0327/104425", "correlationVector":"PZNXUj4imG3zXivRGCFCXc.2","action":"GetUpdates", "result":"DeleteReceived", "context":{"id":"2a57b12c-a7c2-4b58-ac6a-05f445d65b11", "isDeleted:":"true", "version":"1709627375880"}}
{"logTime": "0327/104425", "correlationVector":"PZNXUj4imG3zXivRGCFCXc.3","action":"GetUpdates", "result":"DeleteReceived", "context":{"id":"5dcbde2b-37c7-4865-9251-4469a0eb9bf2", "isDeleted:":"true", "version":"1709627375881"}}
{"logTime": "0327/104425", "correlationVector":"PZNXUj4imG3zXivRGCFCXc.4","action":"GetUpdates", "result":"DeleteReceived", "context":{"id":"83d6b8e3-5d80-4297-b8fd-f644e68ed0ab", "isDeleted:":"true", "version":"1709627375883"}}
{"logTime": "0327/104425", "correlationVector":"PZNXUj4imG3zXivRGCFCXc.5","action":"GetUpdates", "result":"DeleteReceived", "context":{"id":"e0e80732-98e9-4b07-b3da-081b37e3ab73", "isDeleted:":"true", "version":"1709627375884"}}
{"logTime": "0327/104425", "correlationVector":"PZNXUj4imG3zXivRGCFCXc.6","action":"GetUpdates", "result":"DeleteReceived", "context":{"id":"0cbd27bf-3568-4e8c-9fab-9aba4d9e7e8e", "isDeleted:":"true", "version":"1709699453936"}}
{"logTime": "0327/104425", "correlationVector":"PZNXUj4imG3zXivRGCFCXc.7","action":"GetUpdates", "result":"DeleteReceived", "context":{"id":"1f24bc85-a1c6-4f2f-be79-1f392633349d", "isDeleted:":"true", "version":"1709699453938"}}
{"logTime": "0327/104425", "correlationVector":"PZNXUj4imG3zXivRGCFCXc.8","action":"GetUpdates", "result":"DeleteReceived", "context":{"id":"26168905-ba26-4b9b-b616-494e2b6f1028", "isDeleted:":"true", "version":"1709699453939"}}
{"logTime": "0327/104425", "correlationVector":"PZNXUj4imG3zXivRGCFCXc.9","action":"GetUpdates", "result":"DeleteReceived", "context":{"id":"a50a75a2-445a-4116-bceb-6558177eb74b", "isDeleted:":"true", "version":"1709708968549"}}
{"logTime": "0327/104425", "correlationVector":"PZNXUj4imG3zXivRGCFCXc.10","action":"GetUpdates", "result":"DeleteReceived", "context":{"id":"5844c054-bcb4-4ecb-a81d-56f5f0581027", "isDeleted:":"true", "version":"1709708968550"}}
{"logTime": "0327/104425", "correlationVector":"PZNXUj4imG3zXivRGCFCXc.11","action":"GetUpdates", "result":"DeleteReceived", "context":{"id":"e0d6bca8-9e38-4b5f-b7ea-b2ef8200c88a", "isDeleted:":"true", "version":"1709787128888"}}
{"logTime": "0327/104425", "correlationVector":"PZNXUj4imG3zXivRGCFCXc.12","action":"GetUpdates", "result":"DeleteReceived", "context":{"id":"544787cd-6e05-4777-88a6-267ede1dcef8", "isDeleted:":"true", "version":"1709787128889"}}
{"logTime": "0327/104425", "correlationVector":"PZNXUj4imG3zXivRGCFCXc.13","action":"GetUpdates", "result":"DeleteReceived", "context":{"id":"60d1d6c3-fbc0-405a-bdc4-a9a8ff4b90ec", "isDeleted:":"true", "version":"1710153090933"}}
{"logTime": "0327/104425", "correlationVector":"PZNXUj4imG3zXivRGCFCXc.14","action":"GetUpdates", "result":"DeleteReceived", "context":{"id":"58154381-cae5-4782-a47a-55da08e97186", "isDeleted:":"true", "version":"1710153090934"}}
{"logTime": "0327/104425", "correlationVector":"PZNXUj4imG3zXivRGCFCXc.15","action":"GetUpdates", "result":"DeleteReceived", "context":{"id":"9f365f88-d8aa-4b49-b65a-518fcefd6ae8", "isDeleted:":"true", "version":"1710156058200"}}
{"logTime": "0327/104425", "correlationVector":"PZNXUj4imG3zXivRGCFCXc.16","action":"GetUpdates", "result":"DeleteReceived", "context":{"id":"144985cb-d2ec-40d3-9cfa-b1cb6ae29426", "isDeleted:":"true", "version":"1710304678157"}}
{"logTime": "0327/104425", "correlationVector":"PZNXUj4imG3zXivRGCFCXc.17","action":"GetUpdates", "result":"DeleteReceived", "context":{"id":"2e6aec32-39f4-420f-a90a-f48233aeb46e", "isDeleted:":"true", "version":"1710313723246"}}
{"logTime": "0327/104425", "correlationVector":"PZNXUj4imG3zXivRGCFCXc.18","action":"GetUpdates", "result":"DeleteReceived", "context":{"id":"788d1018-bb0c-4eb9-be83-2b4ab23e5737", "isDeleted:":"true", "version":"1710318397711"}}
{"logTime": "0327/104425", "correlationVector":"PZNXUj4imG3zXivRGCFCXc.19","action":"GetUpdates", "result":"DeleteReceived", "context":{"id":"d2a3bc7a-f521-4a43-a4f0-bb806a3715b8", "isDeleted:":"true", "version":"1710404939765"}}
{"logTime": "0327/104425", "correlationVector":"PZNXUj4imG3zXivRGCFCXc.20","action":"GetUpdates", "result":"DeleteReceived", "context":{"id":"18932703-df95-4c9a-bf0f-442be4928517", "isDeleted:":"true", "version":"1710404939766"}}
{"logTime": "0327/104425", "correlationVector":"PZNXUj4imG3zXivRGCFCXc.21","action":"GetUpdates", "result":"DeleteReceived", "context":{"id":"59ac40c4-13a0-4157-9e48-fbb820d7fd7c", "isDeleted:":"true", "version":"1710404939768"}}
{"logTime": "0327/104425", "correlationVector":"PZNXUj4imG3zXivRGCFCXc.22","action":"GetUpdates", "result":"DeleteReceived", "context":{"id":"ee1dc4da-40dc-4ee4-b099-7cf899631972", "isDeleted:":"true", "version":"1710405402314"}}
{"logTime": "0327/104425", "correlationVector":"PZNXUj4imG3zXivRGCFCXc.23","action":"GetUpdates", "result":"DeleteReceived", "context":{"id":"b3e23a35-8ecd-40c4-bcd7-538973708d2d", "isDeleted:":"true", "version":"1710405561823"}}
{"logTime": "0327/104425", "correlationVector":"PZNXUj4imG3zXivRGCFCXc.24","action":"GetUpdates", "result":"DeleteReceived", "context":{"id":"17892e0a-f813-4cba-85be-957656fd9fdc", "isDeleted:":"true", "version":"1710405673793"}}
{"logTime": "0327/104425", "correlationVector":"PZNXUj4imG3zXivRGCFCXc.25","action":"GetUpdates", "result":"DeleteReceived", "context":{"id":"36c1392a-c484-45ba-9288-ae4c2558faba", "isDeleted:":"true", "version":"1710405917779"}}
{"logTime": "0327/104425", "correlationVector":"PZNXUj4imG3zXivRGCFCXc.26","action":"GetUpdates", "result":"DeleteReceived", "context":{"id":"0ef87e98-f5f3-44b4-9cf6-f90b2db78254", "isDeleted:":"true", "version":"1710405917780"}}
{"logTime": "0327/104425", "correlationVector":"PZNXUj4imG3zXivRGCFCXc.27","action":"GetUpdates", "result":"DeleteReceived", "context":{"id":"6af7b3af-7494-4711-a569-79370bdfbd6e", "isDeleted:":"true", "version":"1710406068959"}}
{"logTime": "0327/104425", "correlationVector":"PZNXUj4imG3zXivRGCFCXc.28","action":"GetUpdates", "result":"DeleteReceived", "context":{"id":"b8d4c2e6-e63e-42e6-9739-42950c7c8cf6", "isDeleted:":"true", "version":"1710420574071"}}
{"logTime": "0327/104425", "correlationVector":"PZNXUj4imG3zXivRGCFCXc.29","action":"GetUpdates", "result":"DeleteReceived", "context":{"id":"80cb8efa-85f9-498b-bd8c-c70469fa7365", "isDeleted:":"true", "version":"1710434180916"}}
{"logTime": "0327/104425", "correlationVector":"PZNXUj4imG3zXivRGCFCXc.30","action":"GetUpdates", "result":"DeleteReceived", "context":{"id":"810136fc-18eb-4333-b826-7773ab197243", "isDeleted:":"true", "version":"1710495189047"}}
{"logTime": "0327/104425", "correlationVector":"PZNXUj4imG3zXivRGCFCXc.31","action":"GetUpdates", "result":"DeleteReceived", "context":{"id":"92404cd9-a3bb-4424-9b59-e5074019d407", "isDeleted:":"true", "version":"1710496960093"}}
{"logTime": "0327/104425", "correlationVector":"PZNXUj4imG3zXivRGCFCXc.32","action":"GetUpdates", "result":"DeleteReceived", "context":{"id":"05723517-2d1e-4792-ab11-2b8fab8650f3", "isDeleted:":"true", "version":"1710497166988"}}
{"logTime": "0327/104425", "correlationVector":"PZNXUj4imG3zXivRGCFCXc.33","action":"GetUpdates", "result":"DeleteReceived", "context":{"id":"0d8921d3-1a78-4e56-a3d7-ff1d9440317d", "isDeleted:":"true", "version":"1710568801750"}}
{"logTime": "0327/104425", "correlationVector":"PZNXUj4imG3zXivRGCFCXc.34","action":"GetUpdates", "result":"DeleteReceived", "context":{"id":"49afbf7c-c9ea-4fa5-b9dd-06d885136b38", "isDeleted:":"true", "version":"1710568801751"}}
{"logTime": "0327/104425", "correlationVector":"PZNXUj4imG3zXivRGCFCXc.35","action":"GetUpdates", "result":"DeleteReceived", "context":{"id":"bc2cad07-d5a1-45b9-98a3-71564d58ed78", "isDeleted:":"true", "version":"1710929951610"}}
{"logTime": "0327/104425", "correlationVector":"PZNXUj4imG3zXivRGCFCXc.36","action":"GetUpdates", "result":"DeleteReceived", "context":{"id":"4f04a7c3-b76f-43d7-a002-16b8227c76be", "isDeleted:":"true", "version":"1711001630436"}}
{"logTime": "0327/104425", "correlationVector":"PZNXUj4imG3zXivRGCFCXc.37","action":"GetUpdates", "result":"DeleteReceived", "context":{"id":"3159298d-6694-421e-8d28-7d94b6c86793", "isDeleted:":"true", "version":"1711001630437"}}
{"logTime": "0327/104425", "correlationVector":"PZNXUj4imG3zXivRGCFCXc.38","action":"GetUpdates", "result":"DeleteReceived", "context":{"id":"a9929b42-e0c9-45db-a7cb-f9afd9e030ce", "isDeleted:":"true", "version":"1711001630440"}}
{"logTime": "0327/104425", "correlationVector":"PZNXUj4imG3zXivRGCFCXc.39","action":"GetUpdates", "result":"DeleteReceived", "context":{"id":"a5706d08-1cba-46a3-898f-58d656958e84", "isDeleted:":"true", "version":"1711001630441"}}
{"logTime": "0327/104425", "correlationVector":"PZNXUj4imG3zXivRGCFCXc.40","action":"GetUpdates", "result":"DeleteReceived", "context":{"id":"c53353c4-48ba-48b8-8a67-9a46774c3193", "isDeleted:":"true", "version":"1711004975424"}}
{"logTime": "0327/104425", "correlationVector":"PZNXUj4imG3zXivRGCFCXc.41","action":"GetUpdates", "result":"DeleteReceived", "context":{"id":"5d17be98-6233-49b6-9fd6-2d62fec90d76", "isDeleted:":"true", "version":"1711005220400"}}
{"logTime": "0327/104425", "correlationVector":"PZNXUj4imG3zXivRGCFCXc.42","action":"GetUpdates", "result":"DeleteReceived", "context":{"id":"32be2615-8bbe-4c18-8490-491181aa3284", "isDeleted:":"true", "version":"1711012721235"}}
{"logTime": "0327/104425", "correlationVector":"PZNXUj4imG3zXivRGCFCXc.43","action":"GetUpdates", "result":"DeleteReceived", "context":{"id":"9f7bd5d9-15cb-4f8b-a69c-c171ae2b8da6", "isDeleted:":"true", "version":"1711083188563"}}
{"logTime": "0327/104425", "correlationVector":"PZNXUj4imG3zXivRGCFCXc.44","action":"GetUpdates", "result":"DeleteReceived", "context":{"id":"9b774841-1e8c-4848-95ea-61d8c10aab95", "isDeleted:":"true", "version":"1711083188564"}}
{"logTime": "0327/104425", "correlationVector":"PZNXUj4imG3zXivRGCFCXc.45","action":"GetUpdates", "result":"DeleteReceived", "context":{"id":"8f2b783e-1acb-4823-85f6-93d9ca0d5730", "isDeleted:":"true", "version":"1711085431017"}}
{"logTime": "0327/104425", "correlationVector":"PZNXUj4imG3zXivRGCFCXc.46","action":"GetUpdates", "result":"DeleteReceived", "context":{"id":"f6a51dc0-e148-411b-b844-32a7163ea154", "isDeleted:":"true", "version":"1711168333057"}}
{"logTime": "0327/104425", "correlationVector":"PZNXUj4imG3zXivRGCFCXc.47","action":"GetUpdates", "result":"DeleteReceived", "context":{"id":"27e05396-a5e5-4046-b1a1-de0616aadead", "isDeleted:":"true", "version":"1711457392334"}}
{"logTime": "0327/104425", "correlationVector":"PZNXUj4imG3zXivRGCFCXc.48","action":"GetUpdates", "result":"DeleteReceived", "context":{"id":"6a558719-f551-4457-8210-4707f9759d98", "isDeleted:":"true", "version":"1711519379911"}}
{"logTime": "0327/104425", "correlationVector":"PZNXUj4imG3zXivRGCFCXc.49","action":"GetUpdates Response", "result":"SYNCER_OK", "context":Received 104 update(s). cV=PZNXUj4imG3zXivRGCFCXc.0;server=GENERAL0100000C;cloudType=Multitenant;environment=Prod_SoutheastAsia_000j;migrationStage=NotStarted}
{"logTime": "0327/104425", "correlationVector":"soYX2hcB/ElyZhMR2KUbB1","action":"Normal GetUpdate request", "result":"", "context":cV=soYX2hcB/ElyZhMR2KUbB1
Nudged types: Sessions, Device Info, User Consents
Refresh requested types: Bookmarks, Preferences, Passwords, Autofill Profiles, Autofill, Typed URLs, Extensions, Sessions, Extension settings, History Delete Directives, Device Info, User Consents, Send Tab To Self, Web Apps, Collection, Edge E Drop, Edge Hub App Usage, Edge Wallet, Encryption Keys}
{"logTime": "0327/104425", "correlationVector":"soYX2hcB/ElyZhMR2KUbB1.1","action":"SyncServerConnectionManagerRequest", "result":"SYNC_SERVER_OK", "context":{"environment":"Prod_SoutheastAsia_000j", "migrationStage":"NotStarted", "server":"GENERAL0300002F"}}
{"logTime": "0327/104425", "correlationVector":"soYX2hcB/ElyZhMR2KUbB1.2","action":"GetUpdates Response", "result":"SYNCER_OK", "context":Received 0 update(s). cV=soYX2hcB/ElyZhMR2KUbB1.0;server=GENERAL0300002F;cloudType=Multitenant;environment=Prod_SoutheastAsia_000j;migrationStage=NotStarted}
{"logTime": "0327/104425", "correlationVector":"L6ImgxnJQYX3KcZ7TaLqU+","action":"Commit Request", "result":"", "context":Item count: 4
Contributing types: Sessions, Device Info, User Consents}
{"logTime": "0327/104426", "correlationVector":"L6ImgxnJQYX3KcZ7TaLqU+.1","action":"SyncServerConnectionManagerRequest", "result":"SYNC_SERVER_OK", "context":{"environment":"Prod_SoutheastAsia_000j", "migrationStage":"NotStarted", "server":"GENERAL0100000R"}}
{"logTime": "0327/104426", "correlationVector":"L6ImgxnJQYX3KcZ7TaLqU+.2","action":"Commit Response", "result":"SYNCER_OK", "context":Result: SYNCER_OK. cV=L6ImgxnJQYX3KcZ7TaLqU+.0;server=GENERAL0100000R;cloudType=Multitenant;environment=Prod_SoutheastAsia_000j;migrationStage=NotStarted}
{"logTime": "0327/104434", "correlationVector":"IvwpAqrXXIXOM9BFW0hOYG","action":"Commit Request", "result":"", "context":Item count: 2
Contributing types: Preferences, Sessions}
{"logTime": "0327/104435", "correlationVector":"IvwpAqrXXIXOM9BFW0hOYG.1","action":"SyncServerConnectionManagerRequest", "result":"SYNC_SERVER_OK", "context":{"environment":"Prod_SoutheastAsia_000j", "migrationStage":"NotStarted", "server":"GENERAL01000006"}}
{"logTime": "0327/104435", "correlationVector":"IvwpAqrXXIXOM9BFW0hOYG.2","action":"Commit Response", "result":"SYNCER_OK", "context":Result: SYNCER_OK. cV=IvwpAqrXXIXOM9BFW0hOYG.0;server=GENERAL01000006;cloudType=Multitenant;environment=Prod_SoutheastAsia_000j;migrationStage=NotStarted}
